{"/home/travis/build/kaizhu256/node-elasticsearch-lite/test.js":{"path":"/home/travis/build/kaizhu256/node-elasticsearch-lite/test.js","s":{"1":2,"2":2,"3":2,"4":2,"5":2,"6":2,"7":2,"8":1,"9":2,"10":2,"11":2,"12":2,"13":2,"14":2,"15":2,"16":12,"17":12,"18":2,"19":1,"20":1,"21":1,"22":1,"23":1,"24":1,"25":1,"26":1,"27":1,"28":1,"29":1,"30":1,"31":1,"32":1,"33":1,"34":1,"35":6,"36":6,"37":1,"38":1},"b":{"1":[2,1,1,1],"2":[1,1,1,1],"3":[1,1],"4":[2,1],"5":[1]},"f":{"1":2,"2":2,"3":2,"4":2,"5":2,"6":12,"7":1,"8":1,"9":1,"10":1,"11":6},"fnMap":{"1":{"name":"(anonymous_1)","line":12,"loc":{"start":{"line":12,"column":1},"end":{"line":12,"column":13}}},"2":{"name":"(anonymous_2)","line":19,"loc":{"start":{"line":19,"column":5},"end":{"line":19,"column":17}}},"3":{"name":"(anonymous_3)","line":23,"loc":{"start":{"line":23,"column":24},"end":{"line":23,"column":36}}},"4":{"name":"(anonymous_4)","line":50,"loc":{"start":{"line":50,"column":5},"end":{"line":50,"column":17}}},"5":{"name":"(anonymous_5)","line":51,"loc":{"start":{"line":51,"column":56},"end":{"line":51,"column":84}}},"6":{"name":"(anonymous_6)","line":77,"loc":{"start":{"line":77,"column":42},"end":{"line":77,"column":74}}},"7":{"name":"(anonymous_7)","line":89,"loc":{"start":{"line":89,"column":42},"end":{"line":89,"column":70}}},"8":{"name":"(anonymous_8)","line":114,"loc":{"start":{"line":114,"column":51},"end":{"line":114,"column":79}}},"9":{"name":"(anonymous_9)","line":121,"loc":{"start":{"line":121,"column":36},"end":{"line":121,"column":55}}},"10":{"name":"(anonymous_10)","line":127,"loc":{"start":{"line":127,"column":51},"end":{"line":127,"column":79}}},"11":{"name":"(anonymous_11)","line":153,"loc":{"start":{"line":153,"column":42},"end":{"line":153,"column":74}}}},"statementMap":{"1":{"start":{"line":12,"column":0},"end":{"line":163,"column":5}},"2":{"start":{"line":14,"column":4},"end":{"line":14,"column":14}},"3":{"start":{"line":19,"column":4},"end":{"line":45,"column":9}},"4":{"start":{"line":21,"column":8},"end":{"line":21,"column":19}},"5":{"start":{"line":23,"column":8},"end":{"line":35,"column":13}},"6":{"start":{"line":24,"column":12},"end":{"line":34,"column":13}},"7":{"start":{"line":25,"column":16},"end":{"line":28,"column":30}},"8":{"start":{"line":30,"column":16},"end":{"line":33,"column":27}},"9":{"start":{"line":37,"column":8},"end":{"line":39,"column":21}},"10":{"start":{"line":41,"column":8},"end":{"line":42,"column":68}},"11":{"start":{"line":44,"column":8},"end":{"line":44,"column":33}},"12":{"start":{"line":50,"column":4},"end":{"line":82,"column":9}},"13":{"start":{"line":51,"column":8},"end":{"line":81,"column":10}},"14":{"start":{"line":55,"column":12},"end":{"line":76,"column":14}},"15":{"start":{"line":77,"column":12},"end":{"line":80,"column":24}},"16":{"start":{"line":78,"column":16},"end":{"line":78,"column":40}},"17":{"start":{"line":79,"column":16},"end":{"line":79,"column":57}},"18":{"start":{"line":83,"column":4},"end":{"line":162,"column":5}},"19":{"start":{"line":89,"column":8},"end":{"line":112,"column":10}},"20":{"start":{"line":93,"column":12},"end":{"line":93,"column":76}},"21":{"start":{"line":94,"column":12},"end":{"line":94,"column":73}},"22":{"start":{"line":95,"column":12},"end":{"line":95,"column":74}},"23":{"start":{"line":96,"column":12},"end":{"line":96,"column":79}},"24":{"start":{"line":97,"column":12},"end":{"line":106,"column":15}},"25":{"start":{"line":107,"column":12},"end":{"line":107,"column":45}},"26":{"start":{"line":108,"column":12},"end":{"line":111,"column":14}},"27":{"start":{"line":114,"column":8},"end":{"line":125,"column":10}},"28":{"start":{"line":118,"column":12},"end":{"line":120,"column":14}},"29":{"start":{"line":121,"column":12},"end":{"line":124,"column":24}},"30":{"start":{"line":122,"column":16},"end":{"line":122,"column":42}},"31":{"start":{"line":123,"column":16},"end":{"line":123,"column":26}},"32":{"start":{"line":127,"column":8},"end":{"line":157,"column":10}},"33":{"start":{"line":131,"column":12},"end":{"line":152,"column":14}},"34":{"start":{"line":153,"column":12},"end":{"line":156,"column":24}},"35":{"start":{"line":154,"column":16},"end":{"line":154,"column":40}},"36":{"start":{"line":155,"column":16},"end":{"line":155,"column":57}},"37":{"start":{"line":160,"column":8},"end":{"line":160,"column":28}},"38":{"start":{"line":161,"column":8},"end":{"line":161,"column":14}}},"branchMap":{"1":{"line":25,"type":"binary-expr","locations":[{"start":{"line":25,"column":23},"end":{"line":25,"column":62}},{"start":{"line":26,"column":20},"end":{"line":26,"column":70}},{"start":{"line":27,"column":20},"end":{"line":27,"column":71}},{"start":{"line":28,"column":20},"end":{"line":28,"column":29}}]},"2":{"line":30,"type":"binary-expr","locations":[{"start":{"line":30,"column":23},"end":{"line":30,"column":37}},{"start":{"line":31,"column":20},"end":{"line":31,"column":61}},{"start":{"line":32,"column":20},"end":{"line":32,"column":70}},{"start":{"line":33,"column":20},"end":{"line":33,"column":26}}]},"3":{"line":37,"type":"cond-expr","locations":[{"start":{"line":38,"column":14},"end":{"line":38,"column":20}},{"start":{"line":39,"column":14},"end":{"line":39,"column":20}}]},"4":{"line":41,"type":"binary-expr","locations":[{"start":{"line":41,"column":38},"end":{"line":41,"column":59}},{"start":{"line":42,"column":12},"end":{"line":42,"column":50}}]},"5":{"line":83,"type":"switch","locations":[{"start":{"line":88,"column":4},"end":{"line":161,"column":14}}]}},"code":["/* istanbul instrument in package elasticsearch */","/*jslint","    bitwise: true,","    browser: true,","    maxerr: 8,","    maxlen: 96,","    node: true,","    nomen: true,","    regexp: true,","    stupid: true","*/","(function () {","    'use strict';","    var local;","","","","    // run shared js-env code - init-before","    (function () {","        // init local","        local = {};","        // init modeJs","        local.modeJs = (function () {","            try {","                return typeof navigator.userAgent === 'string' &&","                    typeof document.querySelector('body') === 'object' &&","                    typeof XMLHttpRequest.prototype.open === 'function' &&","                    'browser';","            } catch (errorCaughtBrowser) {","                return module.exports &&","                    typeof process.versions.node === 'string' &&","                    typeof require('http').createServer === 'function' &&","                    'node';","            }","        }());","        // init global","        local.global = local.modeJs === 'browser'","            ? window","            : global;","        // re-init local","        local = local.global.local = (local.global.utility2 ||","            require('./assets.utility2.rollup.js')).requireReadme();","        // init test","        local.testRunInit(local);","    }());","","","","    // run shared js-env code - function","    (function () {","        local.testCase_middlewareRouterCustom_default = function (options, onError) {","        /*","         * this function will test middlewareRouterCustom's default handling-behavior","         */","            options = {","                list: [{","                    method: 'GET',","                    url: '/__info'","                }, {","                    method: 'GET',","                    url: '/_alias'","                }, {","                    method: 'PUT',","                    data: '{\"index\":{\"_id\":null,\"_index\":\"server_log\",\"_type\":\"test\"}}\\n{}\\n',","                    url: '/_bulk'","                }, {","                    method: 'GET',","                    url: '/kibana'","                }, {","                    method: 'GET',","                    url: '/kibana/'","                }, {","                    method: 'OPTIONS',","                    url: '/undefined'","                }]","            };","            local.onParallelList(options, function (options2, onParallel) {","                onParallel.counter += 1;","                local.ajax(options2.element, onParallel);","            }, onError);","        };","    }());","    switch (local.modeJs) {","","","","    // run node js-env code - function","    case 'node':","        local.testCase_buildApp_default = function (options, onError) {","        /*","         * this function will test buildApp's default handling-behavior","         */","            local.testCase_buildReadme_default(options, local.onErrorThrow);","            local.testCase_buildLib_default(options, local.onErrorThrow);","            local.testCase_buildTest_default(options, local.onErrorThrow);","            local.testCase_buildCustomOrg_default(options, local.onErrorThrow);","            options = [{","                file: '/kibana/app/app.js',","                url: '/kibana/app/app.js'","            }, {","                file: '/kibana/config.js',","                url: '/kibana/config.js'","            }, {","                file: '/kibana/app/dashboards/logstash.json',","                url: '/kibana/app/dashboards/logstash.json'","            }];","            local.buildApp(options, onError);","            local.child_process.execSync(","                'mkdir -p tmp/build/app/ && cp -a external/kibana tmp/build/app/',","                { stdio: ['ignore', 2, 2] }","            );","        };","","        local.testCase_killElasticsearch_default = function (options, onError) {","        /*","         * this function will test killElasticsearch's default handling-behavior","         */","            options = [","                [process, { kill: local.nop }]","            ];","            local.testMock(options, function (onError) {","                local.killElasticsearch();","                onError();","            }, onError);","        };","","        local.testCase_middlewareBulkPut_default = function (options, onError) {","        /*","         * this function will test middlewareBulkPut's default handling-behavior","         */","            options = {","                list: [{","                    method: 'GET',","                    url: '/__info'","                }, {","                    method: 'GET',","                    url: '/_alias'","                }, {","                    method: 'PUT',","                    data: '{\"index\":{\"_id\":null,\"_index\":\"server_log\",\"_type\":\"test\"}}\\n{}\\n',","                    url: '/_bulk'","                }, {","                    method: 'GET',","                    url: '/kibana'","                }, {","                    method: 'GET',","                    url: '/kibana/'","                }, {","                    method: 'OPTIONS',","                    url: '/undefined'","                }]","            };","            local.onParallelList(options, function (options2, onParallel) {","                onParallel.counter += 1;","                local.ajax(options2.element, onParallel);","            }, onError);","        };","","        // coverage-hack - re-run serverStart","        local.serverStart();","        break;","    }","}());",""],"l":{"12":2,"14":2,"19":2,"21":2,"23":2,"24":2,"25":2,"30":1,"37":2,"41":2,"44":2,"50":2,"51":2,"55":2,"77":2,"78":12,"79":12,"83":2,"89":1,"93":1,"94":1,"95":1,"96":1,"97":1,"107":1,"108":1,"114":1,"118":1,"121":1,"122":1,"123":1,"127":1,"131":1,"153":1,"154":6,"155":6,"160":1,"161":1}},"/home/travis/build/kaizhu256/node-elasticsearch-lite/lib.elasticsearch.js":{"path":"/home/travis/build/kaizhu256/node-elasticsearch-lite/lib.elasticsearch.js","s":{"1":2,"2":2,"3":2,"4":2,"5":2,"6":2,"7":2,"8":1,"9":2,"10":2,"11":2,"12":2,"13":1,"14":1,"15":83,"16":33,"17":1,"18":1,"19":1,"20":2,"21":2,"22":1,"23":2,"24":30,"25":30,"26":30,"27":38,"28":30,"29":30,"30":26,"31":26,"32":26,"33":0,"34":0,"35":4,"36":1,"37":1,"38":1,"39":3,"40":3,"41":4,"42":4,"43":4,"44":4,"45":4,"46":4,"47":0,"48":0,"49":0,"50":0,"51":0,"52":0,"53":0,"54":0,"55":0,"56":0,"57":0,"58":0,"59":0,"60":0,"61":30,"62":30,"63":2,"64":18,"65":18,"66":6,"67":6,"68":6,"69":12,"70":12,"71":3,"72":3,"73":9,"74":9,"75":3,"76":3,"77":6,"78":6,"79":6,"80":6,"81":2,"82":2,"83":1,"84":1,"85":1,"86":1,"87":1,"88":1,"89":1,"90":1,"91":1,"92":1,"93":1,"94":190,"95":190,"96":190,"97":39,"98":39,"99":151,"100":1,"101":1,"102":1,"103":1,"104":1,"105":1,"106":151,"107":151,"108":1,"109":1,"110":1,"111":1,"112":1,"113":1,"114":8,"115":8,"116":7,"117":1,"118":1,"119":1,"120":1,"121":1,"122":4,"123":3,"124":1,"125":1,"126":1,"127":1,"128":2,"129":1,"130":0,"131":1,"132":1,"133":1,"134":1,"135":0,"136":0,"137":0,"138":0,"139":0,"140":0,"141":0},"b":{"1":[2,1,1,1],"2":[1,1,1,1],"3":[1,1],"4":[2,2],"5":[1,1],"6":[33,50],"7":[83,83],"8":[30,4,4,0],"9":[30,27],"10":[26,4],"11":[26,0],"12":[1,3],"13":[4,0],"14":[0,0],"15":[0,0],"16":[0,0],"17":[3,6,12],"18":[6,6],"19":[3,9],"20":[3,3,3],"21":[3,3],"22":[1,1],"23":[2,2],"24":[39,151],"25":[1,1,1],"26":[7,1],"27":[3,1],"28":[1],"29":[0,1],"30":[1,1],"31":[1,0],"32":[1,0],"33":[0,0,0]},"f":{"1":2,"2":2,"3":2,"4":83,"5":2,"6":1,"7":30,"8":38,"9":0,"10":18,"11":6,"12":2,"13":1,"14":190,"15":190,"16":1,"17":8,"18":8,"19":4},"fnMap":{"1":{"name":"(anonymous_1)","line":13,"loc":{"start":{"line":13,"column":1},"end":{"line":13,"column":13}}},"2":{"name":"(anonymous_2)","line":20,"loc":{"start":{"line":20,"column":5},"end":{"line":20,"column":17}}},"3":{"name":"(anonymous_3)","line":24,"loc":{"start":{"line":24,"column":24},"end":{"line":24,"column":36}}},"4":{"name":"(anonymous_4)","line":50,"loc":{"start":{"line":50,"column":60},"end":{"line":50,"column":75}}},"5":{"name":"(anonymous_5)","line":64,"loc":{"start":{"line":64,"column":5},"end":{"line":64,"column":17}}},"6":{"name":"(anonymous_6)","line":65,"loc":{"start":{"line":65,"column":34},"end":{"line":65,"column":46}}},"7":{"name":"(anonymous_7)","line":72,"loc":{"start":{"line":72,"column":34},"end":{"line":72,"column":79}}},"8":{"name":"(anonymous_8)","line":79,"loc":{"start":{"line":79,"column":34},"end":{"line":79,"column":57}}},"9":{"name":"(anonymous_9)","line":118,"loc":{"start":{"line":118,"column":55},"end":{"line":118,"column":78}}},"10":{"name":"(anonymous_10)","line":147,"loc":{"start":{"line":147,"column":39},"end":{"line":147,"column":84}}},"11":{"name":"(anonymous_11)","line":185,"loc":{"start":{"line":185,"column":19},"end":{"line":185,"column":40}}},"12":{"name":"(anonymous_12)","line":193,"loc":{"start":{"line":193,"column":28},"end":{"line":193,"column":47}}},"13":{"name":"(anonymous_13)","line":226,"loc":{"start":{"line":226,"column":15},"end":{"line":226,"column":38}}},"14":{"name":"(anonymous_14)","line":231,"loc":{"start":{"line":231,"column":19},"end":{"line":231,"column":51}}},"15":{"name":"(anonymous_15)","line":233,"loc":{"start":{"line":233,"column":83},"end":{"line":236,"column":22}}},"16":{"name":"(anonymous_16)","line":285,"loc":{"start":{"line":285,"column":31},"end":{"line":285,"column":43}}},"17":{"name":"(anonymous_17)","line":289,"loc":{"start":{"line":289,"column":65},"end":{"line":289,"column":77}}},"18":{"name":"(anonymous_18)","line":290,"loc":{"start":{"line":290,"column":72},"end":{"line":290,"column":89}}},"19":{"name":"(anonymous_19)","line":309,"loc":{"start":{"line":309,"column":22},"end":{"line":309,"column":37}}}},"statementMap":{"1":{"start":{"line":13,"column":0},"end":{"line":360,"column":5}},"2":{"start":{"line":15,"column":4},"end":{"line":15,"column":14}},"3":{"start":{"line":20,"column":4},"end":{"line":59,"column":9}},"4":{"start":{"line":22,"column":8},"end":{"line":22,"column":19}},"5":{"start":{"line":24,"column":8},"end":{"line":36,"column":13}},"6":{"start":{"line":25,"column":12},"end":{"line":35,"column":13}},"7":{"start":{"line":26,"column":16},"end":{"line":29,"column":30}},"8":{"start":{"line":31,"column":16},"end":{"line":34,"column":27}},"9":{"start":{"line":38,"column":8},"end":{"line":40,"column":21}},"10":{"start":{"line":42,"column":8},"end":{"line":42,"column":54}},"11":{"start":{"line":44,"column":8},"end":{"line":44,"column":50}},"12":{"start":{"line":46,"column":8},"end":{"line":58,"column":9}},"13":{"start":{"line":47,"column":12},"end":{"line":47,"column":56}},"14":{"start":{"line":50,"column":12},"end":{"line":54,"column":15}},"15":{"start":{"line":51,"column":16},"end":{"line":53,"column":17}},"16":{"start":{"line":52,"column":20},"end":{"line":52,"column":46}},"17":{"start":{"line":55,"column":12},"end":{"line":55,"column":35}},"18":{"start":{"line":56,"column":12},"end":{"line":56,"column":49}},"19":{"start":{"line":57,"column":12},"end":{"line":57,"column":43}},"20":{"start":{"line":64,"column":4},"end":{"line":324,"column":9}},"21":{"start":{"line":65,"column":8},"end":{"line":70,"column":10}},"22":{"start":{"line":69,"column":12},"end":{"line":69,"column":74}},"23":{"start":{"line":72,"column":8},"end":{"line":145,"column":10}},"24":{"start":{"line":77,"column":12},"end":{"line":77,"column":29}},"25":{"start":{"line":78,"column":12},"end":{"line":78,"column":25}},"26":{"start":{"line":79,"column":12},"end":{"line":142,"column":15}},"27":{"start":{"line":80,"column":16},"end":{"line":141,"column":17}},"28":{"start":{"line":82,"column":20},"end":{"line":82,"column":76}},"29":{"start":{"line":83,"column":20},"end":{"line":90,"column":21}},"30":{"start":{"line":84,"column":24},"end":{"line":84,"column":70}},"31":{"start":{"line":85,"column":24},"end":{"line":87,"column":25}},"32":{"start":{"line":86,"column":28},"end":{"line":86,"column":35}},"33":{"start":{"line":88,"column":24},"end":{"line":88,"column":79}},"34":{"start":{"line":89,"column":24},"end":{"line":89,"column":31}},"35":{"start":{"line":91,"column":20},"end":{"line":95,"column":21}},"36":{"start":{"line":92,"column":24},"end":{"line":92,"column":54}},"37":{"start":{"line":93,"column":24},"end":{"line":93,"column":59}},"38":{"start":{"line":94,"column":24},"end":{"line":94,"column":31}},"39":{"start":{"line":97,"column":20},"end":{"line":97,"column":65}},"40":{"start":{"line":98,"column":20},"end":{"line":98,"column":26}},"41":{"start":{"line":100,"column":20},"end":{"line":100,"column":63}},"42":{"start":{"line":102,"column":20},"end":{"line":106,"column":39}},"43":{"start":{"line":107,"column":20},"end":{"line":107,"column":26}},"44":{"start":{"line":110,"column":20},"end":{"line":113,"column":21}},"45":{"start":{"line":111,"column":24},"end":{"line":111,"column":56}},"46":{"start":{"line":112,"column":24},"end":{"line":112,"column":31}},"47":{"start":{"line":115,"column":20},"end":{"line":115,"column":60}},"48":{"start":{"line":116,"column":20},"end":{"line":116,"column":73}},"49":{"start":{"line":117,"column":20},"end":{"line":117,"column":40}},"50":{"start":{"line":118,"column":20},"end":{"line":132,"column":23}},"51":{"start":{"line":119,"column":24},"end":{"line":119,"column":62}},"52":{"start":{"line":120,"column":24},"end":{"line":122,"column":25}},"53":{"start":{"line":121,"column":28},"end":{"line":121,"column":35}},"54":{"start":{"line":123,"column":24},"end":{"line":125,"column":34}},"55":{"start":{"line":126,"column":24},"end":{"line":130,"column":34}},"56":{"start":{"line":131,"column":24},"end":{"line":131,"column":74}},"57":{"start":{"line":133,"column":20},"end":{"line":133,"column":68}},"58":{"start":{"line":134,"column":20},"end":{"line":137,"column":23}},"59":{"start":{"line":138,"column":20},"end":{"line":138,"column":26}},"60":{"start":{"line":140,"column":20},"end":{"line":140,"column":42}},"61":{"start":{"line":143,"column":12},"end":{"line":143,"column":33}},"62":{"start":{"line":144,"column":12},"end":{"line":144,"column":29}},"63":{"start":{"line":147,"column":8},"end":{"line":191,"column":10}},"64":{"start":{"line":151,"column":12},"end":{"line":151,"column":48}},"65":{"start":{"line":152,"column":12},"end":{"line":190,"column":13}},"66":{"start":{"line":156,"column":16},"end":{"line":158,"column":19}},"67":{"start":{"line":159,"column":16},"end":{"line":159,"column":31}},"68":{"start":{"line":160,"column":16},"end":{"line":160,"column":22}},"69":{"start":{"line":162,"column":16},"end":{"line":162,"column":59}},"70":{"start":{"line":163,"column":16},"end":{"line":166,"column":17}},"71":{"start":{"line":164,"column":20},"end":{"line":164,"column":35}},"72":{"start":{"line":165,"column":20},"end":{"line":165,"column":27}},"73":{"start":{"line":167,"column":16},"end":{"line":169,"column":19}},"74":{"start":{"line":170,"column":16},"end":{"line":177,"column":17}},"75":{"start":{"line":175,"column":20},"end":{"line":175,"column":79}},"76":{"start":{"line":176,"column":20},"end":{"line":176,"column":27}},"77":{"start":{"line":179,"column":16},"end":{"line":188,"column":47}},"78":{"start":{"line":186,"column":20},"end":{"line":186,"column":76}},"79":{"start":{"line":187,"column":20},"end":{"line":187,"column":51}},"80":{"start":{"line":189,"column":16},"end":{"line":189,"column":45}},"81":{"start":{"line":193,"column":8},"end":{"line":323,"column":10}},"82":{"start":{"line":194,"column":12},"end":{"line":196,"column":13}},"83":{"start":{"line":195,"column":16},"end":{"line":195,"column":23}},"84":{"start":{"line":198,"column":12},"end":{"line":198,"column":64}},"85":{"start":{"line":199,"column":12},"end":{"line":212,"column":14}},"86":{"start":{"line":213,"column":12},"end":{"line":213,"column":39}},"87":{"start":{"line":215,"column":12},"end":{"line":218,"column":54}},"88":{"start":{"line":219,"column":12},"end":{"line":220,"column":79}},"89":{"start":{"line":221,"column":12},"end":{"line":221,"column":71}},"90":{"start":{"line":223,"column":12},"end":{"line":223,"column":45}},"91":{"start":{"line":224,"column":12},"end":{"line":279,"column":15}},"92":{"start":{"line":228,"column":16},"end":{"line":228,"column":44}},"93":{"start":{"line":229,"column":16},"end":{"line":278,"column":40}},"94":{"start":{"line":232,"column":20},"end":{"line":232,"column":44}},"95":{"start":{"line":233,"column":20},"end":{"line":277,"column":23}},"96":{"start":{"line":237,"column":24},"end":{"line":240,"column":25}},"97":{"start":{"line":238,"column":28},"end":{"line":238,"column":41}},"98":{"start":{"line":239,"column":28},"end":{"line":239,"column":35}},"99":{"start":{"line":241,"column":24},"end":{"line":274,"column":25}},"100":{"start":{"line":243,"column":28},"end":{"line":256,"column":34}},"101":{"start":{"line":257,"column":28},"end":{"line":257,"column":34}},"102":{"start":{"line":259,"column":28},"end":{"line":262,"column":93}},"103":{"start":{"line":263,"column":28},"end":{"line":263,"column":34}},"104":{"start":{"line":265,"column":28},"end":{"line":272,"column":34}},"105":{"start":{"line":273,"column":28},"end":{"line":273,"column":34}},"106":{"start":{"line":275,"column":24},"end":{"line":275,"column":72}},"107":{"start":{"line":276,"column":24},"end":{"line":276,"column":37}},"108":{"start":{"line":281,"column":12},"end":{"line":282,"column":45}},"109":{"start":{"line":284,"column":12},"end":{"line":284,"column":63}},"110":{"start":{"line":285,"column":12},"end":{"line":287,"column":15}},"111":{"start":{"line":286,"column":16},"end":{"line":286,"column":55}},"112":{"start":{"line":288,"column":12},"end":{"line":288,"column":45}},"113":{"start":{"line":289,"column":12},"end":{"line":299,"column":21}},"114":{"start":{"line":290,"column":16},"end":{"line":298,"column":19}},"115":{"start":{"line":291,"column":20},"end":{"line":293,"column":21}},"116":{"start":{"line":292,"column":24},"end":{"line":292,"column":31}},"117":{"start":{"line":294,"column":20},"end":{"line":294,"column":74}},"118":{"start":{"line":295,"column":20},"end":{"line":296,"column":74}},"119":{"start":{"line":297,"column":20},"end":{"line":297,"column":42}},"120":{"start":{"line":301,"column":12},"end":{"line":301,"column":58}},"121":{"start":{"line":302,"column":12},"end":{"line":313,"column":15}},"122":{"start":{"line":310,"column":16},"end":{"line":312,"column":17}},"123":{"start":{"line":311,"column":20},"end":{"line":311,"column":43}},"124":{"start":{"line":314,"column":12},"end":{"line":318,"column":37}},"125":{"start":{"line":319,"column":12},"end":{"line":319,"column":56}},"126":{"start":{"line":321,"column":12},"end":{"line":321,"column":45}},"127":{"start":{"line":322,"column":12},"end":{"line":322,"column":55}},"128":{"start":{"line":325,"column":4},"end":{"line":359,"column":5}},"129":{"start":{"line":332,"column":8},"end":{"line":334,"column":9},"skip":true},"130":{"start":{"line":333,"column":12},"end":{"line":333,"column":18},"skip":true},"131":{"start":{"line":336,"column":8},"end":{"line":336,"column":82},"skip":true},"132":{"start":{"line":337,"column":8},"end":{"line":337,"column":63},"skip":true},"133":{"start":{"line":339,"column":8},"end":{"line":341,"column":9},"skip":true},"134":{"start":{"line":340,"column":12},"end":{"line":340,"column":18},"skip":true},"135":{"start":{"line":342,"column":8},"end":{"line":352,"column":9},"skip":true},"136":{"start":{"line":346,"column":12},"end":{"line":350,"column":14},"skip":true},"137":{"start":{"line":351,"column":12},"end":{"line":351,"column":19},"skip":true},"138":{"start":{"line":353,"column":8},"end":{"line":353,"column":59},"skip":true},"139":{"start":{"line":355,"column":8},"end":{"line":355,"column":35},"skip":true},"140":{"start":{"line":357,"column":8},"end":{"line":357,"column":26},"skip":true},"141":{"start":{"line":358,"column":8},"end":{"line":358,"column":14},"skip":true}},"branchMap":{"1":{"line":26,"type":"binary-expr","locations":[{"start":{"line":26,"column":23},"end":{"line":26,"column":62}},{"start":{"line":27,"column":20},"end":{"line":27,"column":70}},{"start":{"line":28,"column":20},"end":{"line":28,"column":71}},{"start":{"line":29,"column":20},"end":{"line":29,"column":29}}]},"2":{"line":31,"type":"binary-expr","locations":[{"start":{"line":31,"column":23},"end":{"line":31,"column":37}},{"start":{"line":32,"column":20},"end":{"line":32,"column":61}},{"start":{"line":33,"column":20},"end":{"line":33,"column":70}},{"start":{"line":34,"column":20},"end":{"line":34,"column":26}}]},"3":{"line":38,"type":"cond-expr","locations":[{"start":{"line":39,"column":14},"end":{"line":39,"column":20}},{"start":{"line":40,"column":14},"end":{"line":40,"column":20}}]},"4":{"line":42,"type":"binary-expr","locations":[{"start":{"line":42,"column":16},"end":{"line":42,"column":44}},{"start":{"line":42,"column":48},"end":{"line":42,"column":53}}]},"5":{"line":46,"type":"if","locations":[{"start":{"line":46,"column":8},"end":{"line":46,"column":8}},{"start":{"line":46,"column":8},"end":{"line":46,"column":8}}]},"6":{"line":51,"type":"if","locations":[{"start":{"line":51,"column":16},"end":{"line":51,"column":16}},{"start":{"line":51,"column":16},"end":{"line":51,"column":16}}]},"7":{"line":51,"type":"binary-expr","locations":[{"start":{"line":51,"column":20},"end":{"line":51,"column":31}},{"start":{"line":51,"column":35},"end":{"line":51,"column":61}}]},"8":{"line":80,"type":"switch","locations":[{"start":{"line":81,"column":16},"end":{"line":98,"column":26}},{"start":{"line":99,"column":16},"end":{"line":107,"column":26}},{"start":{"line":108,"column":16},"end":{"line":138,"column":26}},{"start":{"line":139,"column":16},"end":{"line":140,"column":42}}]},"9":{"line":82,"type":"binary-expr","locations":[{"start":{"line":82,"column":37},"end":{"line":82,"column":51}},{"start":{"line":82,"column":55},"end":{"line":82,"column":75}}]},"10":{"line":83,"type":"if","locations":[{"start":{"line":83,"column":20},"end":{"line":83,"column":20}},{"start":{"line":83,"column":20},"end":{"line":83,"column":20}}]},"11":{"line":85,"type":"if","locations":[{"start":{"line":85,"column":24},"end":{"line":85,"column":24}},{"start":{"line":85,"column":24},"end":{"line":85,"column":24}}]},"12":{"line":91,"type":"if","locations":[{"start":{"line":91,"column":20},"end":{"line":91,"column":20}},{"start":{"line":91,"column":20},"end":{"line":91,"column":20}}]},"13":{"line":110,"type":"if","locations":[{"start":{"line":110,"column":20},"end":{"line":110,"column":20}},{"start":{"line":110,"column":20},"end":{"line":110,"column":20}}]},"14":{"line":119,"type":"binary-expr","locations":[{"start":{"line":119,"column":30},"end":{"line":119,"column":44}},{"start":{"line":119,"column":48},"end":{"line":119,"column":61}}]},"15":{"line":120,"type":"if","locations":[{"start":{"line":120,"column":24},"end":{"line":120,"column":24}},{"start":{"line":120,"column":24},"end":{"line":120,"column":24}}]},"16":{"line":123,"type":"cond-expr","locations":[{"start":{"line":124,"column":30},"end":{"line":124,"column":33}},{"start":{"line":125,"column":30},"end":{"line":125,"column":33}}]},"17":{"line":152,"type":"switch","locations":[{"start":{"line":154,"column":12},"end":{"line":154,"column":27}},{"start":{"line":155,"column":12},"end":{"line":160,"column":22}},{"start":{"line":161,"column":12},"end":{"line":189,"column":45}}]},"18":{"line":157,"type":"binary-expr","locations":[{"start":{"line":157,"column":54},"end":{"line":157,"column":78}},{"start":{"line":157,"column":82},"end":{"line":157,"column":84}}]},"19":{"line":163,"type":"if","locations":[{"start":{"line":163,"column":16},"end":{"line":163,"column":16}},{"start":{"line":163,"column":16},"end":{"line":163,"column":16}}]},"20":{"line":170,"type":"switch","locations":[{"start":{"line":172,"column":16},"end":{"line":172,"column":34}},{"start":{"line":173,"column":16},"end":{"line":173,"column":42}},{"start":{"line":174,"column":16},"end":{"line":176,"column":27}}]},"21":{"line":181,"type":"cond-expr","locations":[{"start":{"line":182,"column":26},"end":{"line":182,"column":29}},{"start":{"line":183,"column":26},"end":{"line":183,"column":37}}]},"22":{"line":194,"type":"if","locations":[{"start":{"line":194,"column":12},"end":{"line":194,"column":12}},{"start":{"line":194,"column":12},"end":{"line":194,"column":12}}]},"23":{"line":194,"type":"binary-expr","locations":[{"start":{"line":194,"column":16},"end":{"line":194,"column":44}},{"start":{"line":194,"column":48},"end":{"line":194,"column":91}}]},"24":{"line":237,"type":"if","locations":[{"start":{"line":237,"column":24},"end":{"line":237,"column":24}},{"start":{"line":237,"column":24},"end":{"line":237,"column":24}}]},"25":{"line":241,"type":"switch","locations":[{"start":{"line":242,"column":24},"end":{"line":257,"column":34}},{"start":{"line":258,"column":24},"end":{"line":263,"column":34}},{"start":{"line":264,"column":24},"end":{"line":273,"column":34}}]},"26":{"line":291,"type":"if","locations":[{"start":{"line":291,"column":20},"end":{"line":291,"column":20}},{"start":{"line":291,"column":20},"end":{"line":291,"column":20}}]},"27":{"line":310,"type":"if","locations":[{"start":{"line":310,"column":16},"end":{"line":310,"column":16}},{"start":{"line":310,"column":16},"end":{"line":310,"column":16}}]},"28":{"line":325,"type":"switch","locations":[{"start":{"line":331,"column":4},"end":{"line":358,"column":14},"skip":true}]},"29":{"line":332,"type":"if","locations":[{"start":{"line":332,"column":8},"end":{"line":332,"column":8},"skip":true},{"start":{"line":332,"column":8},"end":{"line":332,"column":8},"skip":true}]},"30":{"line":336,"type":"binary-expr","locations":[{"start":{"line":336,"column":25},"end":{"line":336,"column":39},"skip":true},{"start":{"line":336,"column":43},"end":{"line":336,"column":81},"skip":true}]},"31":{"line":339,"type":"if","locations":[{"start":{"line":339,"column":8},"end":{"line":339,"column":8},"skip":true},{"start":{"line":339,"column":8},"end":{"line":339,"column":8},"skip":true}]},"32":{"line":339,"type":"binary-expr","locations":[{"start":{"line":339,"column":12},"end":{"line":339,"column":35},"skip":true},{"start":{"line":339,"column":39},"end":{"line":339,"column":67},"skip":true}]},"33":{"line":342,"type":"switch","locations":[{"start":{"line":343,"column":8},"end":{"line":343,"column":22},"skip":true},{"start":{"line":344,"column":8},"end":{"line":344,"column":18},"skip":true},{"start":{"line":345,"column":8},"end":{"line":351,"column":19},"skip":true}]}},"code":["//#!/usr/bin/env node","/* istanbul instrument in package elasticsearch */","/*jslint","    bitwise: true,","    browser: true,","    maxerr: 8,","    maxlen: 96,","    node: true,","    nomen: true,","    regexp: true,","    stupid: true","*/","(function () {","    'use strict';","    var local;","","","","    // run shared js-env code - init-before","    (function () {","        // init local","        local = {};","        // init modeJs","        local.modeJs = (function () {","            try {","                return typeof navigator.userAgent === 'string' &&","                    typeof document.querySelector('body') === 'object' &&","                    typeof XMLHttpRequest.prototype.open === 'function' &&","                    'browser';","            } catch (errorCaughtBrowser) {","                return module.exports &&","                    typeof process.versions.node === 'string' &&","                    typeof require('http').createServer === 'function' &&","                    'node';","            }","        }());","        // init global","        local.global = local.modeJs === 'browser'","            ? window","            : global;","        // init utility2_rollup","        local = local.global.utility2_rollup || local;","        // init lib","        local.local = local.elasticsearch = local;","        // init exports","        if (local.modeJs === 'browser') {","            local.global.utility2_elasticsearch = local;","        } else {","            // require builtins","            Object.keys(process.binding('natives')).forEach(function (key) {","                if (!local[key] && !(/\\/|^_|^sys$/).test(key)) {","                    local[key] = require(key);","                }","            });","            module.exports = local;","            module.exports.__dirname = __dirname;","            module.exports.module = module;","        }","    }());","","","","    // run shared js-env code - function","    (function () {","        local.killElasticsearch = function () {","        /*","         * this function will kill elasticsearch","         */","            process.kill(local.global.utility2_processElasticsearch1.pid);","        };","","        local.middlewareBulkPut = function (request, response, nextMiddleware) {","        /*","         * this function will run the middleware,","         * that will bulk upsert documents into elasticsearch","         */","            var options, tmp;","            options = {};","            local.onNext(options, function (error, data) {","                switch (options.modeNext) {","                case 1:","                    nextMiddleware = nextMiddleware || local.onErrorDefault;","                    if (!request) {","                        request = local.middlewareBulkPutList.shift();","                        if (!request) {","                            return;","                        }","                        local.middlewareBulkPut(request, null, nextMiddleware);","                        return;","                    }","                    if (!response) {","                        response = { end: local.nop };","                        options.onNext(null, request.data);","                        return;","                    }","                    // read request-body","                    local.streamReadAll(request, options.onNext);","                    break;","                case 2:","                    options.data = new Buffer(data).toString();","                    // forward-proxy request to elasticsearch","                    local.ajax({","                        data: options.data,","                        method: 'put',","                        url: local.serverLocalHostElasticsearch + request.url","                    }, options.onNext);","                    break;","                case 3:","                    // successful operation","                    if (data.responseText.slice(0, 256).indexOf(',\"errors\":false,') >= 0) {","                        response.end(data.responseText);","                        return;","                    }","                    // fallback","                    options.data = options.data.split('\\n');","                    options.responseJson = JSON.parse(data.responseText);","                    options.result = '';","                    options.responseJson.items.forEach(function (element, ii) {","                        tmp = element.create || element.index;","                        if (tmp.status < 300) {","                            return;","                        }","                        tmp.status = tmp === element.create","                            ? 201","                            : 200;","                        options.result += JSON.stringify({","                            _id: tmp.id,","                            _index: tmp.index,","                            _type: tmp.type","                        }) + '\\n';","                        options.result += options.data[2 * ii + 1] + '\\n';","                    });","                    response.end(JSON.stringify(data.responseJson));","                    local.middlewareBulkPutList.push({","                        data: options.result,","                        url: request.url","                    });","                    break;","                default:","                    nextMiddleware(error);","                }","            });","            options.modeNext = 0;","            options.onNext();","        };","","        local.middlewareRouterCustom = function (request, response, nextMiddleware) {","        /*","         * this function will run the middleware that will route elasticsearch requests","         */","            var requestBackend, responseBackend;","            switch (request.urlParsed.pathname) {","            // redirect to kibana","            case '/kibana':","            case '/kibana/':","                response.writeHead(307, {","                    location: '/kibana/index.html' + (request.urlParsed.search || '')","                });","                response.end();","                break;","            default:","                local.serverRespondCors(request, response);","                if (request.method === 'OPTIONS') {","                    response.end();","                    return;","                }","                local.serverRespondHeadSet(request, response, null, {","                    'content-type': 'application/json'","                });","                switch (request.swgg.crud.operationId) {","                // handle _bulk upsert","                case '/_bulk.put':","                case '/{index}/_bulk.put':","                case '/{index}/{type}/_bulk.put':","                    local.middlewareBulkPut(request, response, nextMiddleware);","                    return;","                }","                // forward-proxy request to elasticsearch","                requestBackend = local.http.request({","                    method: request.method,","                    path: request.swgg.crud.operationId === '/__info.get'","                        ? '/'","                        : request.url,","                    port: local.serverLocalHostElasticsearch.split(':')[2]","                }, function (_response) {","                    responseBackend = _response.on('error', nextMiddleware);","                    responseBackend.pipe(response);","                }).on('error', nextMiddleware);","                request.pipe(requestBackend);","            }","        };","","        local.serverStart = function (options) {","            if (local.global.utility2_rollup || local.global.utility2_processElasticsearch1) {","                return;","            }","            // start server","            local.objectSetDefault(local.env, { PORT: '9200' });","            local.utility2.middlewareList = [","                local.middlewareInit,","                local.middlewareForwardProxy,","                local.middlewareAssetsCached,","                local.swgg.middlewareRouter,","                local.swgg.middlewareUserLogin,","                local.middlewareJsonpStateInit,","                local.middlewareRouterCustom,","                local.middlewareBodyRead,","                local.swgg.middlewareBodyParse,","                local.swgg.middlewareValidate,","                local.swgg.middlewareCrudBuiltin,","                local.swgg.middlewareCrudEnd","            ];","            local.testRunServer(local);","            // init assets - swgg","            local.assetsDict['/'] =","                local.assetsDict['/index.html'] =","                local.assetsDict['/assets.index.template.html'] =","                local.assetsDict['/assets.swgg.html'];","            local.assetsDict['/assets.swgg.swagger.json'] =","                local.fs.readFileSync(__dirname + '/assets.swgg.swagger.json');","            local.apiDictUpdate(require('./assets.swgg.swagger.json'));","            // init assets - kibana","            local.onReadyBefore.counter += 1;","            local.child_process.exec('find kibana', {","                cwd: __dirname + '/external'","            }, function (error, data) {","                // validate no error occurred","                local.assert(!error, error);","                local.onParallelList({","                    list: data.toString().split('\\n')","                }, function (options2, onParallel) {","                    onParallel.counter += 1;","                    local.fs.readFile(__dirname + '/external/' + options2.element, function (","                        error,","                        data","                    ) {","                        if (error) {","                            onParallel();","                            return;","                        }","                        switch (options2.element) {","                        case 'kibana/app/app.js':","                            data = 'var local={};local.githubCorsUrlOverride=' +","                                local.githubCorsUrlOverride.toString().trim() + ';\\n' + data","                                .toString()","                                // githubCorsHost","                                .replace(","                                    'v.open(e,i,!0)',","                                    'v.open(e,local.githubCorsUrlOverride(i,' +","                                        '\"https://h1-elasticsearch-alpha.herokuapp.com\",' +","                                        '(/^(' +","                                        '\\\\/_\\\\w|' +","                                        '\\\\/[^\\\\/].*?\\\\/_\\\\w|' +","                                        '\\\\/kibana-int\\\\/' +","                                        ')/)),!0)'","                                );","                            break;","                        case 'kibana/config.js':","                            data = data","                                .toString()","                                // strip port 9200 from kibana","                                .replace('\"http://\"+window.location.hostname+\":9200\"', '\"\"');","                            break;","                        case 'kibana/app/dashboards/logstash.json':","                            data = data","                                .toString()","                                // relax logstash index-filter","                                .replace('\"interval\": \"day\",', '\"interval\": \"none\",')","                                .replace(","                                    '\"default\": \"NO_TIME_FILTER_OR_INDEX_PATTERN_NOT_MATCHED\"',","                                    '\"default\": \"_all\"'","                                );","                            break;","                        }","                        local.assetsDict['/' + options2.element] = data;","                        onParallel();","                    });","                }, local.onReadyBefore);","            });","            // init serverLocalHostElasticsearch","            local.serverLocalHostElasticsearch = 'http://127.0.0.1:' +","                (Number(local.env.PORT) + 1);","            // start elasticsearch-server","            console.error('starting elasticsearch-server ...');","            local.onResetAfter(function () {","                local.onResetAfterElasticsearch = true;","            });","            local.onResetBefore.counter += 1;","            local.timerIntervalElasticsearchStatus = setInterval(function () {","                local.ajax({ url: local.serverLocalHostElasticsearch }, function (error) {","                    if (error) {","                        return;","                    }","                    clearInterval(local.timerIntervalElasticsearchStatus);","                    console.error('elasticsearch-server listening on http-port' +","                        local.serverLocalHostElasticsearch.split(':')[2]);","                    local.onResetBefore();","                });","            }, 1000);","            // init argv","            local.objectSetDefault(options, { argv: [] });","            [","                '-Des.http.port=' + local.serverLocalHostElasticsearch.split(':')[2],","                '-Des.path.data=' + process.cwd() + '/tmp/elasticsearch.data.' +","                    local.env.NODE_ENV,","                // coverage-hack - test redundant arg","                '',","                ''","            ].forEach(function (arg) {","                if (options.argv.indexOf(arg) < 0) {","                    options.argv.push(arg);","                }","            });","            local.global.utility2_processElasticsearch1 = local.child_process.spawn(","                __dirname + '/external/elasticsearch/bin/elasticsearch',","                options.argv,","                { stdio: ['ignore', 1, 2] }","            ).on('exit', local.exit);","            process.on('exit', local.killElasticsearch);","            // init middlewareBulkPutList","            local.middlewareBulkPutList = [];","            setInterval(local.middlewareBulkPut, 1000);","        };","    }());","    switch (local.modeJs) {","","","","    // run node js-env code - init-after","    /* istanbul ignore next */","    case 'node':","        if (local.global.utility2_rollup) {","            break;","        }","        // init utility2","        local.utility2 = local.utility2 || require('./assets.utility2.rollup.js');","        local.utility2.objectSetDefault(local, local.utility2);","        // init cli","        if (module !== require.main || local.global.utility2_rollup) {","            break;","        }","        switch (process.argv[2]) {","        case '--help':","        case '-h':","        case '-v':","            local.child_process.spawnSync(","                __dirname + '/external/elasticsearch/bin/elasticsearch',","                process.argv.slice(2),","                { stdio: ['ignore', 1, 2] }","            );","            return;","        }","        local.serverStart({ argv: process.argv.slice(2) });","        // init exports","        local.global.local = local;","        // start repl-debugger","        local.replStart();","        break;","    }","}());",""],"l":{"13":2,"15":2,"20":2,"22":2,"24":2,"25":2,"26":2,"31":1,"38":2,"42":2,"44":2,"46":2,"47":1,"50":1,"51":83,"52":33,"55":1,"56":1,"57":1,"64":2,"65":2,"69":1,"72":2,"77":30,"78":30,"79":30,"80":38,"82":30,"83":30,"84":26,"85":26,"86":26,"88":0,"89":0,"91":4,"92":1,"93":1,"94":1,"97":3,"98":3,"100":4,"102":4,"107":4,"110":4,"111":4,"112":4,"115":0,"116":0,"117":0,"118":0,"119":0,"120":0,"121":0,"123":0,"126":0,"131":0,"133":0,"134":0,"138":0,"140":0,"143":30,"144":30,"147":2,"151":18,"152":18,"156":6,"159":6,"160":6,"162":12,"163":12,"164":3,"165":3,"167":9,"170":9,"175":3,"176":3,"179":6,"186":6,"187":6,"189":6,"193":2,"194":2,"195":1,"198":1,"199":1,"213":1,"215":1,"219":1,"221":1,"223":1,"224":1,"228":1,"229":1,"232":190,"233":190,"237":190,"238":39,"239":39,"241":151,"243":1,"257":1,"259":1,"263":1,"265":1,"273":1,"275":151,"276":151,"281":1,"284":1,"285":1,"286":1,"288":1,"289":1,"290":8,"291":8,"292":7,"294":1,"295":1,"297":1,"301":1,"302":1,"310":4,"311":3,"314":1,"319":1,"321":1,"322":1,"325":2,"332":1,"333":1,"336":1,"337":1,"339":1,"340":1,"342":1,"346":1,"351":1,"353":1,"355":1,"357":1,"358":1}},"/home/travis/build/kaizhu256/node-elasticsearch-lite/example.js":{"path":"/home/travis/build/kaizhu256/node-elasticsearch-lite/example.js","s":{"1":2,"2":2,"3":2,"4":2,"5":2,"6":2,"7":2,"8":1,"9":2,"10":2,"11":2,"12":2,"13":1,"14":1,"15":2,"16":2,"17":1,"18":1,"19":1,"20":1,"21":1,"22":1,"23":1,"24":1,"25":1,"26":1,"27":1,"28":2,"29":1,"30":2,"31":2,"32":2,"33":2,"34":2,"35":0,"36":2,"37":1,"38":1,"39":1,"40":1,"41":1,"42":0,"43":0,"44":1,"45":1,"46":2,"47":0,"48":0,"49":0,"50":1,"51":2,"52":2,"53":11,"54":11,"55":11,"56":11,"57":0,"58":11,"59":11,"60":11,"61":1,"62":3,"63":1,"64":1,"65":1,"66":1,"67":1,"68":83,"69":0,"70":1,"71":1,"72":4,"73":4,"74":4,"75":1,"76":1,"77":0,"78":0,"79":0,"80":0,"81":0,"82":0,"83":0,"84":1,"85":1,"86":0,"87":0,"88":0,"89":0,"90":0,"91":0,"92":0,"93":0,"94":0,"95":0,"96":0,"97":0,"98":0,"99":0,"100":0,"101":0,"102":0},"b":{"1":[2,1,1,1],"2":[1,1,1,1],"3":[1,1],"4":[2,2],"5":[1,1],"6":[1],"7":[1,1],"8":[1,1],"9":[2,0],"10":[2,1,1,1,1,1],"11":[0,2,0],"12":[1,1],"13":[2,1,1],"14":[1,0],"15":[0,2],"16":[2,0,0,0,0,0,0],"17":[0,11],"18":[11,0],"19":[0,83],"20":[83,50],"21":[1,0],"22":[4,1],"23":[1,3],"24":[0,0,0,0,0],"25":[1,0],"26":[1,0],"27":[0,0],"28":[0,0],"29":[0,0],"30":[0,0],"31":[0,0],"32":[0,0],"33":[0,0]},"f":{"1":2,"2":2,"3":2,"4":2,"5":1,"6":1,"7":2,"8":2,"9":2,"10":11,"11":11,"12":3,"13":1,"14":83,"15":4,"16":0,"17":0},"fnMap":{"1":{"name":"(anonymous_1)","line":135,"loc":{"start":{"line":135,"column":1},"end":{"line":135,"column":13}}},"2":{"name":"(anonymous_2)","line":142,"loc":{"start":{"line":142,"column":5},"end":{"line":142,"column":17}}},"3":{"name":"(anonymous_3)","line":146,"loc":{"start":{"line":146,"column":24},"end":{"line":146,"column":36}}},"4":{"name":"(anonymous_4)","line":178,"loc":{"start":{"line":178,"column":35},"end":{"line":178,"column":54}}},"5":{"name":"(anonymous_5)","line":196,"loc":{"start":{"line":196,"column":27},"end":{"line":196,"column":39}}},"6":{"name":"(anonymous_6)","line":197,"loc":{"start":{"line":197,"column":55},"end":{"line":197,"column":72}}},"7":{"name":"(anonymous_7)","line":211,"loc":{"start":{"line":211,"column":31},"end":{"line":211,"column":48}},"skip":true},"8":{"name":"(anonymous_8)","line":220,"loc":{"start":{"line":220,"column":26},"end":{"line":220,"column":45}},"skip":true},"9":{"name":"(anonymous_9)","line":265,"loc":{"start":{"line":265,"column":33},"end":{"line":265,"column":48}},"skip":true},"10":{"name":"(anonymous_10)","line":267,"loc":{"start":{"line":267,"column":27},"end":{"line":267,"column":39}},"skip":true},"11":{"name":"(anonymous_11)","line":275,"loc":{"start":{"line":275,"column":59},"end":{"line":275,"column":74}},"skip":true},"12":{"name":"(anonymous_12)","line":285,"loc":{"start":{"line":285,"column":45},"end":{"line":285,"column":62}},"skip":true},"13":{"name":"(anonymous_13)","line":286,"loc":{"start":{"line":286,"column":73},"end":{"line":286,"column":92}},"skip":true},"14":{"name":"(anonymous_14)","line":302,"loc":{"start":{"line":302,"column":56},"end":{"line":302,"column":71}},"skip":true},"15":{"name":"(anonymous_15)","line":314,"loc":{"start":{"line":314,"column":18},"end":{"line":314,"column":34}},"skip":true},"16":{"name":"(anonymous_16)","line":327,"loc":{"start":{"line":327,"column":47},"end":{"line":327,"column":73}},"skip":true},"17":{"name":"(anonymous_17)","line":371,"loc":{"start":{"line":371,"column":32},"end":{"line":371,"column":61}},"skip":true}},"statementMap":{"1":{"start":{"line":135,"column":0},"end":{"line":382,"column":5}},"2":{"start":{"line":137,"column":4},"end":{"line":137,"column":14}},"3":{"start":{"line":142,"column":4},"end":{"line":169,"column":9}},"4":{"start":{"line":144,"column":8},"end":{"line":144,"column":19}},"5":{"start":{"line":146,"column":8},"end":{"line":158,"column":13}},"6":{"start":{"line":147,"column":12},"end":{"line":157,"column":13}},"7":{"start":{"line":148,"column":16},"end":{"line":151,"column":30}},"8":{"start":{"line":153,"column":16},"end":{"line":156,"column":27}},"9":{"start":{"line":160,"column":8},"end":{"line":162,"column":21}},"10":{"start":{"line":164,"column":8},"end":{"line":166,"column":45}},"11":{"start":{"line":168,"column":8},"end":{"line":168,"column":35}},"12":{"start":{"line":170,"column":4},"end":{"line":203,"column":5}},"13":{"start":{"line":176,"column":8},"end":{"line":176,"column":62}},"14":{"start":{"line":178,"column":8},"end":{"line":192,"column":10}},"15":{"start":{"line":179,"column":12},"end":{"line":179,"column":68}},"16":{"start":{"line":180,"column":12},"end":{"line":182,"column":13}},"17":{"start":{"line":181,"column":16},"end":{"line":181,"column":23}},"18":{"start":{"line":183,"column":12},"end":{"line":183,"column":46}},"19":{"start":{"line":184,"column":12},"end":{"line":184,"column":49}},"20":{"start":{"line":185,"column":12},"end":{"line":191,"column":15}},"21":{"start":{"line":194,"column":8},"end":{"line":194,"column":73}},"22":{"start":{"line":195,"column":8},"end":{"line":195,"column":41}},"23":{"start":{"line":196,"column":8},"end":{"line":201,"column":11}},"24":{"start":{"line":197,"column":12},"end":{"line":200,"column":15}},"25":{"start":{"line":198,"column":16},"end":{"line":198,"column":44}},"26":{"start":{"line":199,"column":16},"end":{"line":199,"column":38}},"27":{"start":{"line":202,"column":8},"end":{"line":202,"column":14}},"28":{"start":{"line":204,"column":4},"end":{"line":381,"column":5}},"29":{"start":{"line":211,"column":8},"end":{"line":263,"column":10},"skip":true},"30":{"start":{"line":212,"column":12},"end":{"line":230,"column":13},"skip":true},"31":{"start":{"line":218,"column":16},"end":{"line":229,"column":19},"skip":true},"32":{"start":{"line":221,"column":20},"end":{"line":228,"column":21},"skip":true},"33":{"start":{"line":224,"column":24},"end":{"line":224,"column":43},"skip":true},"34":{"start":{"line":225,"column":24},"end":{"line":225,"column":30},"skip":true},"35":{"start":{"line":227,"column":24},"end":{"line":227,"column":49},"skip":true},"36":{"start":{"line":231,"column":12},"end":{"line":249,"column":13},"skip":true},"37":{"start":{"line":234,"column":16},"end":{"line":244,"column":17},"skip":true},"38":{"start":{"line":235,"column":20},"end":{"line":235,"column":88},"skip":true},"39":{"start":{"line":236,"column":20},"end":{"line":237,"column":45},"skip":true},"40":{"start":{"line":238,"column":20},"end":{"line":238,"column":42},"skip":true},"41":{"start":{"line":239,"column":20},"end":{"line":239,"column":48},"skip":true},"42":{"start":{"line":242,"column":20},"end":{"line":242,"column":86},"skip":true},"43":{"start":{"line":243,"column":20},"end":{"line":243,"column":96},"skip":true},"44":{"start":{"line":245,"column":16},"end":{"line":245,"column":22},"skip":true},"45":{"start":{"line":248,"column":16},"end":{"line":248,"column":22},"skip":true},"46":{"start":{"line":250,"column":12},"end":{"line":262,"column":13},"skip":true},"47":{"start":{"line":256,"column":16},"end":{"line":261,"column":17},"skip":true},"48":{"start":{"line":258,"column":20},"end":{"line":258,"column":78},"skip":true},"49":{"start":{"line":260,"column":20},"end":{"line":260,"column":47},"skip":true},"50":{"start":{"line":265,"column":8},"end":{"line":283,"column":11},"skip":true},"51":{"start":{"line":266,"column":12},"end":{"line":266,"column":54},"skip":true},"52":{"start":{"line":267,"column":12},"end":{"line":282,"column":14},"skip":true},"53":{"start":{"line":268,"column":16},"end":{"line":268,"column":28},"skip":true},"54":{"start":{"line":269,"column":16},"end":{"line":269,"column":69},"skip":true},"55":{"start":{"line":270,"column":16},"end":{"line":270,"column":75},"skip":true},"56":{"start":{"line":271,"column":16},"end":{"line":273,"column":17},"skip":true},"57":{"start":{"line":272,"column":20},"end":{"line":272,"column":27},"skip":true},"58":{"start":{"line":275,"column":16},"end":{"line":279,"column":36},"skip":true},"59":{"start":{"line":276,"column":20},"end":{"line":278,"column":55},"skip":true},"60":{"start":{"line":281,"column":16},"end":{"line":281,"column":57},"skip":true},"61":{"start":{"line":285,"column":8},"end":{"line":289,"column":11},"skip":true},"62":{"start":{"line":286,"column":12},"end":{"line":288,"column":15},"skip":true},"63":{"start":{"line":287,"column":16},"end":{"line":287,"column":70},"skip":true},"64":{"start":{"line":291,"column":8},"end":{"line":291,"column":31},"skip":true},"65":{"start":{"line":292,"column":8},"end":{"line":292,"column":14},"skip":true},"66":{"start":{"line":300,"column":8},"end":{"line":300,"column":31},"skip":true},"67":{"start":{"line":302,"column":8},"end":{"line":306,"column":11},"skip":true},"68":{"start":{"line":303,"column":12},"end":{"line":305,"column":13},"skip":true},"69":{"start":{"line":304,"column":16},"end":{"line":304,"column":42},"skip":true},"70":{"start":{"line":308,"column":8},"end":{"line":308,"column":50},"skip":true},"71":{"start":{"line":309,"column":8},"end":{"line":323,"column":11},"skip":true},"72":{"start":{"line":315,"column":12},"end":{"line":315,"column":30},"skip":true},"73":{"start":{"line":316,"column":12},"end":{"line":316,"column":66},"skip":true},"74":{"start":{"line":317,"column":12},"end":{"line":322,"column":13},"skip":true},"75":{"start":{"line":318,"column":16},"end":{"line":321,"column":18},"skip":true},"76":{"start":{"line":324,"column":8},"end":{"line":342,"column":15},"skip":true},"77":{"start":{"line":329,"column":16},"end":{"line":329,"column":31},"skip":true},"78":{"start":{"line":330,"column":16},"end":{"line":341,"column":17},"skip":true},"79":{"start":{"line":332,"column":20},"end":{"line":332,"column":60},"skip":true},"80":{"start":{"line":334,"column":20},"end":{"line":334,"column":48},"skip":true},"81":{"start":{"line":336,"column":20},"end":{"line":336,"column":43},"skip":true},"82":{"start":{"line":338,"column":20},"end":{"line":338,"column":35},"skip":true},"83":{"start":{"line":340,"column":20},"end":{"line":340,"column":34},"skip":true},"84":{"start":{"line":344,"column":8},"end":{"line":346,"column":9},"skip":true},"85":{"start":{"line":345,"column":12},"end":{"line":345,"column":18},"skip":true},"86":{"start":{"line":347,"column":8},"end":{"line":349,"column":54},"skip":true},"87":{"start":{"line":352,"column":8},"end":{"line":357,"column":37},"skip":true},"88":{"start":{"line":359,"column":8},"end":{"line":359,"column":82},"skip":true},"89":{"start":{"line":362,"column":8},"end":{"line":364,"column":9},"skip":true},"90":{"start":{"line":363,"column":12},"end":{"line":363,"column":82},"skip":true},"91":{"start":{"line":366,"column":8},"end":{"line":368,"column":9},"skip":true},"92":{"start":{"line":367,"column":12},"end":{"line":367,"column":18},"skip":true},"93":{"start":{"line":369,"column":8},"end":{"line":369,"column":54},"skip":true},"94":{"start":{"line":370,"column":8},"end":{"line":370,"column":69},"skip":true},"95":{"start":{"line":371,"column":8},"end":{"line":379,"column":36},"skip":true},"96":{"start":{"line":372,"column":12},"end":{"line":372,"column":61},"skip":true},"97":{"start":{"line":373,"column":12},"end":{"line":376,"column":13},"skip":true},"98":{"start":{"line":374,"column":16},"end":{"line":374,"column":75},"skip":true},"99":{"start":{"line":375,"column":16},"end":{"line":375,"column":23},"skip":true},"100":{"start":{"line":377,"column":12},"end":{"line":377,"column":38},"skip":true},"101":{"start":{"line":378,"column":12},"end":{"line":378,"column":27},"skip":true},"102":{"start":{"line":380,"column":8},"end":{"line":380,"column":14},"skip":true}},"branchMap":{"1":{"line":148,"type":"binary-expr","locations":[{"start":{"line":148,"column":23},"end":{"line":148,"column":62}},{"start":{"line":149,"column":20},"end":{"line":149,"column":70}},{"start":{"line":150,"column":20},"end":{"line":150,"column":71}},{"start":{"line":151,"column":20},"end":{"line":151,"column":29}}]},"2":{"line":153,"type":"binary-expr","locations":[{"start":{"line":153,"column":23},"end":{"line":153,"column":37}},{"start":{"line":154,"column":20},"end":{"line":154,"column":61}},{"start":{"line":155,"column":20},"end":{"line":155,"column":70}},{"start":{"line":156,"column":20},"end":{"line":156,"column":26}}]},"3":{"line":160,"type":"cond-expr","locations":[{"start":{"line":161,"column":14},"end":{"line":161,"column":20}},{"start":{"line":162,"column":14},"end":{"line":162,"column":20}}]},"4":{"line":164,"type":"binary-expr","locations":[{"start":{"line":164,"column":16},"end":{"line":164,"column":44}},{"start":{"line":164,"column":49},"end":{"line":166,"column":43}}]},"5":{"line":164,"type":"cond-expr","locations":[{"start":{"line":165,"column":14},"end":{"line":165,"column":49}},{"start":{"line":166,"column":14},"end":{"line":166,"column":43}}]},"6":{"line":170,"type":"switch","locations":[{"start":{"line":175,"column":4},"end":{"line":202,"column":14}}]},"7":{"line":180,"type":"if","locations":[{"start":{"line":180,"column":12},"end":{"line":180,"column":12}},{"start":{"line":180,"column":12},"end":{"line":180,"column":12}}]},"8":{"line":204,"type":"switch","locations":[{"start":{"line":210,"column":4},"end":{"line":292,"column":14},"skip":true},{"start":{"line":298,"column":4},"end":{"line":380,"column":14},"skip":true}]},"9":{"line":212,"type":"if","locations":[{"start":{"line":212,"column":12},"end":{"line":212,"column":12},"skip":true},{"start":{"line":212,"column":12},"end":{"line":212,"column":12},"skip":true}]},"10":{"line":212,"type":"binary-expr","locations":[{"start":{"line":212,"column":16},"end":{"line":212,"column":22},"skip":true},{"start":{"line":212,"column":27},"end":{"line":212,"column":32},"skip":true},{"start":{"line":213,"column":20},"end":{"line":213,"column":39},"skip":true},{"start":{"line":214,"column":20},"end":{"line":214,"column":49},"skip":true},{"start":{"line":215,"column":20},"end":{"line":215,"column":58},"skip":true},{"start":{"line":216,"column":20},"end":{"line":216,"column":69},"skip":true}]},"11":{"line":221,"type":"switch","locations":[{"start":{"line":222,"column":20},"end":{"line":222,"column":33},"skip":true},{"start":{"line":223,"column":20},"end":{"line":225,"column":30},"skip":true},{"start":{"line":226,"column":20},"end":{"line":227,"column":49},"skip":true}]},"12":{"line":231,"type":"switch","locations":[{"start":{"line":232,"column":12},"end":{"line":245,"column":22},"skip":true},{"start":{"line":247,"column":12},"end":{"line":248,"column":22},"skip":true}]},"13":{"line":231,"type":"binary-expr","locations":[{"start":{"line":231,"column":20},"end":{"line":231,"column":25},"skip":true},{"start":{"line":231,"column":29},"end":{"line":231,"column":48},"skip":true},{"start":{"line":231,"column":52},"end":{"line":231,"column":74},"skip":true}]},"14":{"line":234,"type":"if","locations":[{"start":{"line":234,"column":16},"end":{"line":234,"column":16},"skip":true},{"start":{"line":234,"column":16},"end":{"line":234,"column":16},"skip":true}]},"15":{"line":250,"type":"if","locations":[{"start":{"line":250,"column":12},"end":{"line":250,"column":12},"skip":true},{"start":{"line":250,"column":12},"end":{"line":250,"column":12},"skip":true}]},"16":{"line":250,"type":"binary-expr","locations":[{"start":{"line":250,"column":16},"end":{"line":250,"column":61},"skip":true},{"start":{"line":250,"column":66},"end":{"line":250,"column":72},"skip":true},{"start":{"line":250,"column":77},"end":{"line":250,"column":82},"skip":true},{"start":{"line":251,"column":20},"end":{"line":251,"column":39},"skip":true},{"start":{"line":252,"column":20},"end":{"line":252,"column":49},"skip":true},{"start":{"line":253,"column":20},"end":{"line":253,"column":58},"skip":true},{"start":{"line":254,"column":20},"end":{"line":254,"column":68},"skip":true}]},"17":{"line":271,"type":"if","locations":[{"start":{"line":271,"column":16},"end":{"line":271,"column":16},"skip":true},{"start":{"line":271,"column":16},"end":{"line":271,"column":16},"skip":true}]},"18":{"line":276,"type":"cond-expr","locations":[{"start":{"line":277,"column":26},"end":{"line":277,"column":29},"skip":true},{"start":{"line":278,"column":26},"end":{"line":278,"column":54},"skip":true}]},"19":{"line":303,"type":"if","locations":[{"start":{"line":303,"column":12},"end":{"line":303,"column":12},"skip":true},{"start":{"line":303,"column":12},"end":{"line":303,"column":12},"skip":true}]},"20":{"line":303,"type":"binary-expr","locations":[{"start":{"line":303,"column":16},"end":{"line":303,"column":27},"skip":true},{"start":{"line":303,"column":31},"end":{"line":303,"column":57},"skip":true}]},"21":{"line":308,"type":"binary-expr","locations":[{"start":{"line":308,"column":27},"end":{"line":308,"column":43},"skip":true},{"start":{"line":308,"column":47},"end":{"line":308,"column":49},"skip":true}]},"22":{"line":316,"type":"binary-expr","locations":[{"start":{"line":316,"column":37},"end":{"line":316,"column":59},"skip":true},{"start":{"line":316,"column":63},"end":{"line":316,"column":65},"skip":true}]},"23":{"line":317,"type":"if","locations":[{"start":{"line":317,"column":12},"end":{"line":317,"column":12},"skip":true},{"start":{"line":317,"column":12},"end":{"line":317,"column":12},"skip":true}]},"24":{"line":330,"type":"switch","locations":[{"start":{"line":331,"column":16},"end":{"line":332,"column":60},"skip":true},{"start":{"line":333,"column":16},"end":{"line":334,"column":48},"skip":true},{"start":{"line":335,"column":16},"end":{"line":336,"column":43},"skip":true},{"start":{"line":337,"column":16},"end":{"line":338,"column":35},"skip":true},{"start":{"line":339,"column":16},"end":{"line":340,"column":34},"skip":true}]},"25":{"line":344,"type":"if","locations":[{"start":{"line":344,"column":8},"end":{"line":344,"column":8},"skip":true},{"start":{"line":344,"column":8},"end":{"line":344,"column":8},"skip":true}]},"26":{"line":344,"type":"binary-expr","locations":[{"start":{"line":344,"column":12},"end":{"line":344,"column":35},"skip":true},{"start":{"line":344,"column":39},"end":{"line":344,"column":67},"skip":true}]},"27":{"line":348,"type":"binary-expr","locations":[{"start":{"line":348,"column":12},"end":{"line":348,"column":50},"skip":true},{"start":{"line":349,"column":12},"end":{"line":349,"column":53},"skip":true}]},"28":{"line":353,"type":"binary-expr","locations":[{"start":{"line":353,"column":12},"end":{"line":353,"column":56},"skip":true},{"start":{"line":354,"column":12},"end":{"line":357,"column":36},"skip":true}]},"29":{"line":359,"type":"binary-expr","locations":[{"start":{"line":359,"column":43},"end":{"line":359,"column":75},"skip":true},{"start":{"line":359,"column":79},"end":{"line":359,"column":81},"skip":true}]},"30":{"line":362,"type":"if","locations":[{"start":{"line":362,"column":8},"end":{"line":362,"column":8},"skip":true},{"start":{"line":362,"column":8},"end":{"line":362,"column":8},"skip":true}]},"31":{"line":366,"type":"if","locations":[{"start":{"line":366,"column":8},"end":{"line":366,"column":8},"skip":true},{"start":{"line":366,"column":8},"end":{"line":366,"column":8},"skip":true}]},"32":{"line":369,"type":"binary-expr","locations":[{"start":{"line":369,"column":27},"end":{"line":369,"column":43},"skip":true},{"start":{"line":369,"column":47},"end":{"line":369,"column":53},"skip":true}]},"33":{"line":373,"type":"if","locations":[{"start":{"line":373,"column":12},"end":{"line":373,"column":12},"skip":true},{"start":{"line":373,"column":12},"end":{"line":373,"column":12},"skip":true}]}},"code":["","","","","","","","","","","","","","","","","","","","","","","","","","","","","","","","","","","","","","","","","","","","","","","","","","","","","","","","","","","","","","","","","","","","","","","","","","","","","","","","","","","","","","","","","","","","","","","","","","","","","","","","","","","","","/*","example.js","","this script will run a web demo of elasticsearch-lite","","instruction","    1. save this script as example.js","    2. run the shell command:","        $ npm install elasticsearch-lite && PORT=8081 node example.js","    3. open a browser to http://127.0.0.1:8081 and play with the web demo","    4. edit this script to suit your needs","*/","","","","/* istanbul instrument in package elasticsearch */","/*jslint","    bitwise: true,","    browser: true,","    maxerr: 8,","    maxlen: 96,","    node: true,","    nomen: true,","    regexp: true,","    stupid: true","*/","(function () {","    'use strict';","    var local;","","","","    // run shared js-env code - init-before","    (function () {","        // init local","        local = {};","        // init modeJs","        local.modeJs = (function () {","            try {","                return typeof navigator.userAgent === 'string' &&","                    typeof document.querySelector('body') === 'object' &&","                    typeof XMLHttpRequest.prototype.open === 'function' &&","                    'browser';","            } catch (errorCaughtBrowser) {","                return module.exports &&","                    typeof process.versions.node === 'string' &&","                    typeof require('http').createServer === 'function' &&","                    'node';","            }","        }());","        // init global","        local.global = local.modeJs === 'browser'","            ? window","            : global;","        // init utility2_rollup","        local = local.global.utility2_rollup || (local.modeJs === 'browser'","            ? local.global.utility2_elasticsearch","            : global.utility2_moduleExports);","        // init exports","        local.global.local = local;","    }());","    switch (local.modeJs) {","","","","    // run node js-env code - function","    case 'node':","        local.serverStart({ port: Number(process.env.PORT) });","        // push serverLog to elasticsearch","        local.utility2.serverLog = function (options) {","            console.error('serverLog - ' + JSON.stringify(options));","            if (!local.onResetAfterElasticsearch) {","                return;","            }","            options = local.jsonCopy(options);","            options['@timestamp'] = options.time;","            local.middlewareBulkPut({","                data: JSON.stringify({ index: {","                    _index: 'server_log',","                    _type: options.type","                } }) + '\\n' + JSON.stringify(options) + '\\n',","                url: '/server_log/server_response/_bulk'","            });","        };","        // test serverLog","        local.ajax({ url: local.serverLocalHost }, local.onErrorDefault);","        local.onReadyBefore.counter += 1;","        local.onResetAfter(function () {","            local.ajax({ url: local.serverLocalHost }, function (error) {","                local.onErrorDefault(error);","                local.onReadyBefore();","            });","        });","        break;","    }","    switch (local.modeJs) {","","","","    // run browser js-env code - init-test","    /* istanbul ignore next */","    case 'browser':","        local.testRunBrowser = function (event) {","            if (!event || (event &&","                    event.currentTarget &&","                    event.currentTarget.className &&","                    event.currentTarget.className.includes &&","                    event.currentTarget.className.includes('onreset'))) {","                // reset output","                Array.from(","                    document.querySelectorAll('body > .resettable')","                ).forEach(function (element) {","                    switch (element.tagName) {","                    case 'INPUT':","                    case 'TEXTAREA':","                        element.value = '';","                        break;","                    default:","                        element.textContent = '';","                    }","                });","            }","            switch (event && event.currentTarget && event.currentTarget.id) {","            case 'testRunButton1':","                // show tests","                if (document.querySelector('#testReportDiv1').style.maxHeight === '0px') {","                    local.uiAnimateSlideDown(document.querySelector('#testReportDiv1'));","                    document.querySelector('#testRunButton1').textContent =","                        'hide internal test';","                    local.modeTest = true;","                    local.testRunDefault(local);","                // hide tests","                } else {","                    local.uiAnimateSlideUp(document.querySelector('#testReportDiv1'));","                    document.querySelector('#testRunButton1').textContent = 'run internal test';","                }","                break;","            // custom-case","            default:","                break;","            }","            if (document.querySelector('#inputTextareaEval1') && (!event || (event &&","                    event.currentTarget &&","                    event.currentTarget.className &&","                    event.currentTarget.className.includes &&","                    event.currentTarget.className.includes('oneval')))) {","                // try to eval input-code","                try {","                    /*jslint evil: true*/","                    eval(document.querySelector('#inputTextareaEval1').value);","                } catch (errorCaught) {","                    console.error(errorCaught);","                }","            }","        };","        // log stderr and stdout to #outputTextareaStdout1","        ['error', 'log'].forEach(function (key) {","            console[key + '_original'] = console[key];","            console[key] = function () {","                var element;","                console[key + '_original'].apply(console, arguments);","                element = document.querySelector('#outputTextareaStdout1');","                if (!element) {","                    return;","                }","                // append text to #outputTextareaStdout1","                element.value += Array.from(arguments).map(function (arg) {","                    return typeof arg === 'string'","                        ? arg","                        : JSON.stringify(arg, null, 4);","                }).join(' ') + '\\n';","                // scroll textarea to bottom","                element.scrollTop = element.scrollHeight;","            };","        });","        // init event-handling","        ['change', 'click', 'keyup'].forEach(function (event) {","            Array.from(document.querySelectorAll('.on' + event)).forEach(function (element) {","                element.addEventListener(event, local.testRunBrowser);","            });","        });","        // run tests","        local.testRunBrowser();","        break;","","","","    // run node js-env code - init-test","    /* istanbul ignore next */","    case 'node':","        // init exports","        module.exports = local;","        // require builtins","        Object.keys(process.binding('natives')).forEach(function (key) {","            if (!local[key] && !(/\\/|^_|^sys$/).test(key)) {","                local[key] = require(key);","            }","        });","        // init assets","        local.assetsDict = local.assetsDict || {};","        [","            'assets.index.css',","            'assets.index.template.html',","            'assets.swgg.swagger.json',","            'assets.swgg.swagger.server.json'","        ].forEach(function (file) {","            file = '/' + file;","            local.assetsDict[file] = local.assetsDict[file] || '';","            if (local.fs.existsSync(local.__dirname + file)) {","                local.assetsDict[file] = local.fs.readFileSync(","                    local.__dirname + file,","                    'utf8'","                );","            }","        });","        local.assetsDict['/'] =","            local.assetsDict['/assets.example.html'] =","            local.assetsDict['/assets.index.template.html']","            .replace((/\\{\\{env\\.(\\w+?)\\}\\}/g), function (match0, match1) {","                // jslint-hack","                String(match0);","                switch (match1) {","                case 'npm_package_description':","                    return 'the greatest app in the world!';","                case 'npm_package_name':","                    return 'elasticsearch-lite';","                case 'npm_package_nameLib':","                    return 'elasticsearch';","                case 'npm_package_version':","                    return '0.0.1';","                default:","                    return match0;","                }","            });","        // init cli","        if (module !== require.main || local.global.utility2_rollup) {","            break;","        }","        local.assetsDict['/assets.example.js'] =","            local.assetsDict['/assets.example.js'] ||","            local.fs.readFileSync(__filename, 'utf8');","        // bug-workaround - long $npm_package_buildCustomOrg","        /* jslint-ignore-begin */","        local.assetsDict['/assets.elasticsearch.js'] =","            local.assetsDict['/assets.elasticsearch.js'] ||","            local.fs.readFileSync(","                local.elasticsearch.__dirname + '/lib.elasticsearch.js',","                'utf8'","            ).replace((/^#!/), '//');","        /* jslint-ignore-end */","        local.assetsDict['/favicon.ico'] = local.assetsDict['/favicon.ico'] || '';","        // if $npm_config_timeout_exit exists,","        // then exit this process after $npm_config_timeout_exit ms","        if (Number(process.env.npm_config_timeout_exit)) {","            setTimeout(process.exit, Number(process.env.npm_config_timeout_exit));","        }","        // start server","        if (local.global.utility2_serverHttp1) {","            break;","        }","        process.env.PORT = process.env.PORT || '8081';","        console.error('server starting on port ' + process.env.PORT);","        local.http.createServer(function (request, response) {","            request.urlParsed = local.url.parse(request.url);","            if (local.assetsDict[request.urlParsed.pathname] !== undefined) {","                response.end(local.assetsDict[request.urlParsed.pathname]);","                return;","            }","            response.statusCode = 404;","            response.end();","        }).listen(process.env.PORT);","        break;","    }","}());"],"l":{"135":2,"137":2,"142":2,"144":2,"146":2,"147":2,"148":2,"153":1,"160":2,"164":2,"168":2,"170":2,"176":1,"178":1,"179":2,"180":2,"181":1,"183":1,"184":1,"185":1,"194":1,"195":1,"196":1,"197":1,"198":1,"199":1,"202":1,"204":2,"211":1,"212":2,"218":2,"221":2,"224":2,"225":2,"227":1,"231":2,"234":1,"235":1,"236":1,"238":1,"239":1,"242":1,"243":1,"245":1,"248":1,"250":2,"256":1,"258":1,"260":1,"265":1,"266":2,"267":2,"268":11,"269":11,"270":11,"271":11,"272":1,"275":11,"276":11,"281":11,"285":1,"286":3,"287":1,"291":1,"292":1,"300":1,"302":1,"303":83,"304":1,"308":1,"309":1,"315":4,"316":4,"317":4,"318":1,"324":1,"329":1,"330":1,"332":1,"334":1,"336":1,"338":1,"340":1,"344":1,"345":1,"347":1,"352":1,"359":1,"362":1,"363":1,"366":1,"367":1,"369":1,"370":1,"371":1,"372":1,"373":1,"374":1,"375":1,"377":1,"378":1,"380":1}}}