{"/home/travis/build/kaizhu256/node-elasticsearch-lite/test.js":{"path":"/home/travis/build/kaizhu256/node-elasticsearch-lite/test.js","s":{"1":2,"2":2,"3":2,"4":2,"5":2,"6":2,"7":2,"8":1,"9":2,"10":2,"11":1,"12":1,"13":1,"14":1,"15":2,"16":2,"17":2,"18":2,"19":2,"20":12,"21":12,"22":2,"23":1,"24":1,"25":1,"26":1,"27":1,"28":1,"29":1,"30":1,"31":1,"32":1,"33":1,"34":1,"35":1,"36":1,"37":1,"38":1,"39":1,"40":6,"41":6,"42":1,"43":1,"44":1,"45":1,"46":1,"47":2,"48":2,"49":2,"50":1,"51":1,"52":1,"53":0,"54":0,"55":1,"56":1,"57":1,"58":1,"59":1,"60":1,"61":1,"62":0,"63":0,"64":0,"65":0,"66":0,"67":0,"68":1,"69":2,"70":2,"71":1,"72":2,"73":2,"74":1,"75":2,"76":2,"77":1,"78":2,"79":2,"80":1,"81":0,"82":0,"83":1,"84":1},"b":{"1":[2,1,1,1],"2":[1,1,1,1],"3":[1,1],"4":[1,1],"5":[1,1],"6":[1,1],"7":[1,1],"8":[1,1],"9":[1,1],"10":[1,1],"11":[0,0],"12":[0,0],"13":[1,0],"14":[1,1],"15":[1,1],"16":[1,0],"17":[1,1],"18":[1,1],"19":[1,1],"20":[1,1],"21":[1,0]},"f":{"1":2,"2":2,"3":2,"4":2,"5":2,"6":12,"7":1,"8":1,"9":1,"10":1,"11":6,"12":1,"13":2,"14":1,"15":0,"16":1,"17":0,"18":2,"19":2,"20":2,"21":2,"22":0},"fnMap":{"1":{"name":"(anonymous_1)","line":12,"loc":{"start":{"line":12,"column":1},"end":{"line":12,"column":13}}},"2":{"name":"(anonymous_2)","line":19,"loc":{"start":{"line":19,"column":5},"end":{"line":19,"column":17}}},"3":{"name":"(anonymous_3)","line":23,"loc":{"start":{"line":23,"column":24},"end":{"line":23,"column":36}}},"4":{"name":"(anonymous_4)","line":61,"loc":{"start":{"line":61,"column":5},"end":{"line":61,"column":17}}},"5":{"name":"(anonymous_5)","line":62,"loc":{"start":{"line":62,"column":56},"end":{"line":62,"column":84}}},"6":{"name":"(anonymous_6)","line":88,"loc":{"start":{"line":88,"column":42},"end":{"line":88,"column":74}}},"7":{"name":"(anonymous_7)","line":106,"loc":{"start":{"line":106,"column":42},"end":{"line":106,"column":70}}},"8":{"name":"(anonymous_8)","line":131,"loc":{"start":{"line":131,"column":51},"end":{"line":131,"column":79}}},"9":{"name":"(anonymous_9)","line":138,"loc":{"start":{"line":138,"column":36},"end":{"line":138,"column":55}}},"10":{"name":"(anonymous_10)","line":144,"loc":{"start":{"line":144,"column":51},"end":{"line":144,"column":79}}},"11":{"name":"(anonymous_11)","line":170,"loc":{"start":{"line":170,"column":42},"end":{"line":170,"column":74}}},"12":{"name":"(anonymous_12)","line":176,"loc":{"start":{"line":176,"column":41},"end":{"line":176,"column":69}}},"13":{"name":"(anonymous_13)","line":195,"loc":{"start":{"line":195,"column":5},"end":{"line":195,"column":17}}},"14":{"name":"(anonymous_14)","line":205,"loc":{"start":{"line":205,"column":77},"end":{"line":208,"column":10}},"skip":true},"15":{"name":"(anonymous_15)","line":216,"loc":{"start":{"line":216,"column":12},"end":{"line":216,"column":37}},"skip":true},"16":{"name":"(anonymous_16)","line":238,"loc":{"start":{"line":238,"column":83},"end":{"line":241,"column":10}},"skip":true},"17":{"name":"(anonymous_17)","line":249,"loc":{"start":{"line":249,"column":77},"end":{"line":252,"column":10}},"skip":true},"18":{"name":"(anonymous_18)","line":265,"loc":{"start":{"line":265,"column":12},"end":{"line":265,"column":40}},"skip":true},"19":{"name":"(anonymous_19)","line":273,"loc":{"start":{"line":273,"column":77},"end":{"line":276,"column":10}},"skip":true},"20":{"name":"(anonymous_20)","line":284,"loc":{"start":{"line":284,"column":83},"end":{"line":287,"column":10}},"skip":true},"21":{"name":"(anonymous_21)","line":295,"loc":{"start":{"line":295,"column":79},"end":{"line":298,"column":10}},"skip":true},"22":{"name":"(anonymous_22)","line":306,"loc":{"start":{"line":306,"column":75},"end":{"line":309,"column":10}},"skip":true}},"statementMap":{"1":{"start":{"line":12,"column":0},"end":{"line":321,"column":5}},"2":{"start":{"line":14,"column":4},"end":{"line":14,"column":14}},"3":{"start":{"line":19,"column":4},"end":{"line":56,"column":9}},"4":{"start":{"line":21,"column":8},"end":{"line":21,"column":19}},"5":{"start":{"line":23,"column":8},"end":{"line":35,"column":13}},"6":{"start":{"line":24,"column":12},"end":{"line":34,"column":13}},"7":{"start":{"line":25,"column":16},"end":{"line":28,"column":30}},"8":{"start":{"line":30,"column":16},"end":{"line":33,"column":27}},"9":{"start":{"line":37,"column":8},"end":{"line":39,"column":21}},"10":{"start":{"line":40,"column":8},"end":{"line":53,"column":9}},"11":{"start":{"line":43,"column":12},"end":{"line":46,"column":14}},"12":{"start":{"line":47,"column":12},"end":{"line":47,"column":18}},"13":{"start":{"line":50,"column":12},"end":{"line":51,"column":72}},"14":{"start":{"line":52,"column":12},"end":{"line":52,"column":18}},"15":{"start":{"line":55,"column":8},"end":{"line":55,"column":35}},"16":{"start":{"line":61,"column":4},"end":{"line":93,"column":9}},"17":{"start":{"line":62,"column":8},"end":{"line":92,"column":10}},"18":{"start":{"line":66,"column":12},"end":{"line":87,"column":14}},"19":{"start":{"line":88,"column":12},"end":{"line":91,"column":24}},"20":{"start":{"line":89,"column":16},"end":{"line":89,"column":40}},"21":{"start":{"line":90,"column":16},"end":{"line":90,"column":57}},"22":{"start":{"line":94,"column":4},"end":{"line":190,"column":5}},"23":{"start":{"line":100,"column":8},"end":{"line":100,"column":14}},"24":{"start":{"line":106,"column":8},"end":{"line":129,"column":10}},"25":{"start":{"line":110,"column":12},"end":{"line":110,"column":76}},"26":{"start":{"line":111,"column":12},"end":{"line":111,"column":73}},"27":{"start":{"line":112,"column":12},"end":{"line":112,"column":74}},"28":{"start":{"line":113,"column":12},"end":{"line":113,"column":79}},"29":{"start":{"line":114,"column":12},"end":{"line":123,"column":15}},"30":{"start":{"line":124,"column":12},"end":{"line":124,"column":45}},"31":{"start":{"line":125,"column":12},"end":{"line":128,"column":14}},"32":{"start":{"line":131,"column":8},"end":{"line":142,"column":10}},"33":{"start":{"line":135,"column":12},"end":{"line":137,"column":14}},"34":{"start":{"line":138,"column":12},"end":{"line":141,"column":24}},"35":{"start":{"line":139,"column":16},"end":{"line":139,"column":42}},"36":{"start":{"line":140,"column":16},"end":{"line":140,"column":26}},"37":{"start":{"line":144,"column":8},"end":{"line":174,"column":10}},"38":{"start":{"line":148,"column":12},"end":{"line":169,"column":14}},"39":{"start":{"line":170,"column":12},"end":{"line":173,"column":24}},"40":{"start":{"line":171,"column":16},"end":{"line":171,"column":40}},"41":{"start":{"line":172,"column":16},"end":{"line":172,"column":57}},"42":{"start":{"line":176,"column":8},"end":{"line":185,"column":10}},"43":{"start":{"line":180,"column":12},"end":{"line":183,"column":14}},"44":{"start":{"line":184,"column":12},"end":{"line":184,"column":48}},"45":{"start":{"line":188,"column":8},"end":{"line":188,"column":28}},"46":{"start":{"line":189,"column":8},"end":{"line":189,"column":14}},"47":{"start":{"line":195,"column":4},"end":{"line":197,"column":9}},"48":{"start":{"line":196,"column":8},"end":{"line":196,"column":15}},"49":{"start":{"line":198,"column":4},"end":{"line":320,"column":5}},"50":{"start":{"line":205,"column":8},"end":{"line":213,"column":10},"skip":true},"51":{"start":{"line":212,"column":12},"end":{"line":212,"column":35},"skip":true},"52":{"start":{"line":215,"column":8},"end":{"line":225,"column":14},"skip":true},"53":{"start":{"line":221,"column":16},"end":{"line":221,"column":31},"skip":true},"54":{"start":{"line":222,"column":16},"end":{"line":224,"column":63},"skip":true},"55":{"start":{"line":228,"column":8},"end":{"line":230,"column":9},"skip":true},"56":{"start":{"line":229,"column":12},"end":{"line":229,"column":62},"skip":true},"57":{"start":{"line":231,"column":8},"end":{"line":231,"column":14},"skip":true},"58":{"start":{"line":238,"column":8},"end":{"line":247,"column":10},"skip":true},"59":{"start":{"line":245,"column":12},"end":{"line":245,"column":55},"skip":true},"60":{"start":{"line":246,"column":12},"end":{"line":246,"column":48},"skip":true},"61":{"start":{"line":249,"column":8},"end":{"line":262,"column":10},"skip":true},"62":{"start":{"line":256,"column":12},"end":{"line":256,"column":76},"skip":true},"63":{"start":{"line":257,"column":12},"end":{"line":257,"column":73},"skip":true},"64":{"start":{"line":258,"column":12},"end":{"line":258,"column":74},"skip":true},"65":{"start":{"line":259,"column":12},"end":{"line":259,"column":79},"skip":true},"66":{"start":{"line":260,"column":12},"end":{"line":260,"column":25},"skip":true},"67":{"start":{"line":261,"column":12},"end":{"line":261,"column":45},"skip":true},"68":{"start":{"line":264,"column":8},"end":{"line":271,"column":14},"skip":true},"69":{"start":{"line":269,"column":16},"end":{"line":269,"column":29},"skip":true},"70":{"start":{"line":270,"column":16},"end":{"line":270,"column":55},"skip":true},"71":{"start":{"line":273,"column":8},"end":{"line":282,"column":10},"skip":true},"72":{"start":{"line":280,"column":12},"end":{"line":280,"column":25},"skip":true},"73":{"start":{"line":281,"column":12},"end":{"line":281,"column":45},"skip":true},"74":{"start":{"line":284,"column":8},"end":{"line":293,"column":10},"skip":true},"75":{"start":{"line":291,"column":12},"end":{"line":291,"column":25},"skip":true},"76":{"start":{"line":292,"column":12},"end":{"line":292,"column":48},"skip":true},"77":{"start":{"line":295,"column":8},"end":{"line":304,"column":10},"skip":true},"78":{"start":{"line":302,"column":12},"end":{"line":302,"column":25},"skip":true},"79":{"start":{"line":303,"column":12},"end":{"line":303,"column":46},"skip":true},"80":{"start":{"line":306,"column":8},"end":{"line":315,"column":10},"skip":true},"81":{"start":{"line":313,"column":12},"end":{"line":313,"column":94},"skip":true},"82":{"start":{"line":314,"column":12},"end":{"line":314,"column":48},"skip":true},"83":{"start":{"line":318,"column":8},"end":{"line":318,"column":35},"skip":true},"84":{"start":{"line":319,"column":8},"end":{"line":319,"column":14},"skip":true}},"branchMap":{"1":{"line":25,"type":"binary-expr","locations":[{"start":{"line":25,"column":23},"end":{"line":25,"column":62}},{"start":{"line":26,"column":20},"end":{"line":26,"column":70}},{"start":{"line":27,"column":20},"end":{"line":27,"column":71}},{"start":{"line":28,"column":20},"end":{"line":28,"column":29}}]},"2":{"line":30,"type":"binary-expr","locations":[{"start":{"line":30,"column":23},"end":{"line":30,"column":37}},{"start":{"line":31,"column":20},"end":{"line":31,"column":61}},{"start":{"line":32,"column":20},"end":{"line":32,"column":70}},{"start":{"line":33,"column":20},"end":{"line":33,"column":26}}]},"3":{"line":37,"type":"cond-expr","locations":[{"start":{"line":38,"column":14},"end":{"line":38,"column":20}},{"start":{"line":39,"column":14},"end":{"line":39,"column":20}}]},"4":{"line":40,"type":"switch","locations":[{"start":{"line":42,"column":8},"end":{"line":47,"column":18}},{"start":{"line":49,"column":8},"end":{"line":52,"column":18}}]},"5":{"line":44,"type":"binary-expr","locations":[{"start":{"line":44,"column":16},"end":{"line":44,"column":44}},{"start":{"line":44,"column":48},"end":{"line":44,"column":66}}]},"6":{"line":50,"type":"binary-expr","locations":[{"start":{"line":50,"column":21},"end":{"line":50,"column":49}},{"start":{"line":51,"column":16},"end":{"line":51,"column":54}}]},"7":{"line":94,"type":"switch","locations":[{"start":{"line":99,"column":4},"end":{"line":100,"column":14}},{"start":{"line":105,"column":4},"end":{"line":189,"column":14}}]},"8":{"line":198,"type":"switch","locations":[{"start":{"line":204,"column":4},"end":{"line":231,"column":14},"skip":true},{"start":{"line":237,"column":4},"end":{"line":319,"column":14},"skip":true}]},"9":{"line":205,"type":"binary-expr","locations":[{"start":{"line":205,"column":42},"end":{"line":205,"column":73},"skip":true},{"start":{"line":205,"column":77},"end":{"line":213,"column":9},"skip":true}]},"10":{"line":215,"type":"binary-expr","locations":[{"start":{"line":215,"column":49},"end":{"line":215,"column":87},"skip":true},{"start":{"line":216,"column":12},"end":{"line":225,"column":13},"skip":true}]},"11":{"line":222,"type":"cond-expr","locations":[{"start":{"line":223,"column":22},"end":{"line":223,"column":94},"skip":true},{"start":{"line":224,"column":22},"end":{"line":224,"column":62},"skip":true}]},"12":{"line":222,"type":"binary-expr","locations":[{"start":{"line":222,"column":23},"end":{"line":222,"column":54},"skip":true},{"start":{"line":222,"column":58},"end":{"line":222,"column":93},"skip":true}]},"13":{"line":228,"type":"if","locations":[{"start":{"line":228,"column":8},"end":{"line":228,"column":8},"skip":true},{"start":{"line":228,"column":8},"end":{"line":228,"column":8},"skip":true}]},"14":{"line":228,"type":"binary-expr","locations":[{"start":{"line":228,"column":12},"end":{"line":228,"column":26},"skip":true},{"start":{"line":228,"column":30},"end":{"line":228,"column":71},"skip":true}]},"15":{"line":238,"type":"binary-expr","locations":[{"start":{"line":238,"column":45},"end":{"line":238,"column":79},"skip":true},{"start":{"line":238,"column":83},"end":{"line":247,"column":9},"skip":true}]},"16":{"line":249,"type":"binary-expr","locations":[{"start":{"line":249,"column":42},"end":{"line":249,"column":73},"skip":true},{"start":{"line":249,"column":77},"end":{"line":262,"column":9},"skip":true}]},"17":{"line":264,"type":"binary-expr","locations":[{"start":{"line":264,"column":48},"end":{"line":264,"column":85},"skip":true},{"start":{"line":265,"column":12},"end":{"line":271,"column":13},"skip":true}]},"18":{"line":273,"type":"binary-expr","locations":[{"start":{"line":273,"column":42},"end":{"line":273,"column":73},"skip":true},{"start":{"line":273,"column":77},"end":{"line":282,"column":9},"skip":true}]},"19":{"line":284,"type":"binary-expr","locations":[{"start":{"line":284,"column":45},"end":{"line":284,"column":79},"skip":true},{"start":{"line":284,"column":83},"end":{"line":293,"column":9},"skip":true}]},"20":{"line":295,"type":"binary-expr","locations":[{"start":{"line":295,"column":43},"end":{"line":295,"column":75},"skip":true},{"start":{"line":295,"column":79},"end":{"line":304,"column":9},"skip":true}]},"21":{"line":306,"type":"binary-expr","locations":[{"start":{"line":306,"column":41},"end":{"line":306,"column":71},"skip":true},{"start":{"line":306,"column":75},"end":{"line":315,"column":9},"skip":true}]}},"code":["/* istanbul instrument in package elasticsearch */","/*jslint","    bitwise: true,","    browser: true,","    maxerr: 8,","    maxlen: 96,","    node: true,","    nomen: true,","    regexp: true,","    stupid: true","*/","(function () {","    'use strict';","    var local;","","","","    // run shared js-env code - init-before","    (function () {","        // init local","        local = {};","        // init modeJs","        local.modeJs = (function () {","            try {","                return typeof navigator.userAgent === 'string' &&","                    typeof document.querySelector('body') === 'object' &&","                    typeof XMLHttpRequest.prototype.open === 'function' &&","                    'browser';","            } catch (errorCaughtBrowser) {","                return module.exports &&","                    typeof process.versions.node === 'string' &&","                    typeof require('http').createServer === 'function' &&","                    'node';","            }","        }());","        // init global","        local.global = local.modeJs === 'browser'","            ? window","            : global;","        switch (local.modeJs) {","        // re-init local from window.local","        case 'browser':","            local = local.global.utility2.objectSetDefault(","                local.global.utility2_rollup || local.global.local,","                local.global.utility2","            );","            break;","        // re-init local from example.js","        case 'node':","            local = (local.global.utility2_rollup ||","                require('./assets.utility2.rollup.js')).requireReadme();","            break;","        }","        // init exports","        local.global.local = local;","    }());","","","","    // run shared js-env code - function","    (function () {","        local.testCase_middlewareRouterCustom_default = function (options, onError) {","        /*","         * this function will test middlewareRouterCustom's default handling-behavior","         */","            options = {","                list: [{","                    method: 'GET',","                    url: '/__info'","                }, {","                    method: 'GET',","                    url: '/_alias'","                }, {","                    method: 'PUT',","                    data: '{\"index\":{\"_id\":null,\"_index\":\"server_log\",\"_type\":\"test\"}}\\n{}\\n',","                    url: '/_bulk'","                }, {","                    method: 'GET',","                    url: '/kibana'","                }, {","                    method: 'GET',","                    url: '/kibana/'","                }, {","                    method: 'OPTIONS',","                    url: '/undefined'","                }]","            };","            local.onParallelList(options, function (options2, onParallel) {","                onParallel.counter += 1;","                local.ajax(options2.element, onParallel);","            }, onError);","        };","    }());","    switch (local.modeJs) {","","","","    // run browser js-env code - function","    case 'browser':","        break;","","","","    // run node js-env code - function","    case 'node':","        local.testCase_buildApp_default = function (options, onError) {","        /*","         * this function will test buildApp's default handling-behavior","         */","            local.testCase_buildReadme_default(options, local.onErrorThrow);","            local.testCase_buildLib_default(options, local.onErrorThrow);","            local.testCase_buildTest_default(options, local.onErrorThrow);","            local.testCase_buildCustomOrg_default(options, local.onErrorThrow);","            options = [{","                file: '/kibana/app/app.js',","                url: '/kibana/app/app.js'","            }, {","                file: '/kibana/config.js',","                url: '/kibana/config.js'","            }, {","                file: '/kibana/app/dashboards/logstash.json',","                url: '/kibana/app/dashboards/logstash.json'","            }];","            local.buildApp(options, onError);","            local.child_process.execSync(","                'mkdir -p tmp/build/app/ && cp -a external/kibana tmp/build/app/',","                { stdio: ['ignore', 2, 2] }","            );","        };","","        local.testCase_killElasticsearch_default = function (options, onError) {","        /*","         * this function will test killElasticsearch's default handling-behavior","         */","            options = [","                [process, { kill: local.nop }]","            ];","            local.testMock(options, function (onError) {","                local.killElasticsearch();","                onError();","            }, onError);","        };","","        local.testCase_middlewareBulkPut_default = function (options, onError) {","        /*","         * this function will test middlewareBulkPut's default handling-behavior","         */","            options = {","                list: [{","                    method: 'GET',","                    url: '/__info'","                }, {","                    method: 'GET',","                    url: '/_alias'","                }, {","                    method: 'PUT',","                    data: '{\"index\":{\"_id\":null,\"_index\":\"server_log\",\"_type\":\"test\"}}\\n{}\\n',","                    url: '/_bulk'","                }, {","                    method: 'GET',","                    url: '/kibana'","                }, {","                    method: 'GET',","                    url: '/kibana/'","                }, {","                    method: 'OPTIONS',","                    url: '/undefined'","                }]","            };","            local.onParallelList(options, function (options2, onParallel) {","                onParallel.counter += 1;","                local.ajax(options2.element, onParallel);","            }, onError);","        };","","        local.testCase_webpage_default = function (options, onError) {","        /*","         * this function will test webpage's default handling-behavior","         */","            options = {","                modeCoverageMerge: true,","                url: local.serverLocalHost + '/index.default.html?modeTest=1'","            };","            local.browserTest(options, onError);","        };","","        // coverage-hack - re-run serverStart","        local.serverStart();","        break;","    }","","","","    // run shared js-env code - init-after","    (function () {","        return;","    }());","    switch (local.modeJs) {","","","","    // run browser js-env code - init-after","    /* istanbul ignore next */","    case 'browser':","        local.testCase_browser_nullCase = local.testCase_browser_nullCase || function (","            options,","            onError","        ) {","        /*","         * this function will test browser's null-case handling-behavior","         */","            onError(null, options);","        };","","        local.utility2.ajaxForwardProxyUrlTest = local.utility2.ajaxForwardProxyUrlTest ||","            function (url, location) {","            /*","             * this function will test if the url requires forward-proxy","             */","                // jslint-hack","                local.nop(url);","                return local.env.npm_package_nameAlias && location.host.match(/\\bgithub.io$/)","                    ? 'https://h1-' + local.env.npm_package_nameAlias + '-alpha.herokuapp.com'","                    : location.protocol + '//' + location.host;","            };","","        // run tests","        if (local.modeTest && document.querySelector('#testRunButton1')) {","            document.querySelector('#testRunButton1').click();","        }","        break;","","","","    // run node js-env code - init-after","    /* istanbul ignore next */","    case 'node':","        local.testCase_buildApidoc_default = local.testCase_buildApidoc_default || function (","            options,","            onError","        ) {","        /*","         * this function will test buildApidoc's default handling-behavior","         */","            options = { modulePathList: module.paths };","            local.buildApidoc(options, onError);","        };","","        local.testCase_buildApp_default = local.testCase_buildApp_default || function (","            options,","            onError","        ) {","        /*","         * this function will test buildApp's default handling-behavior","         */","            local.testCase_buildReadme_default(options, local.onErrorThrow);","            local.testCase_buildLib_default(options, local.onErrorThrow);","            local.testCase_buildTest_default(options, local.onErrorThrow);","            local.testCase_buildCustomOrg_default(options, local.onErrorThrow);","            options = [];","            local.buildApp(options, onError);","        };","","        local.testCase_buildCustomOrg_default = local.testCase_buildCustomOrg_default ||","            function (options, onError) {","            /*","             * this function will test buildCustomOrg's default handling-behavior","             */","                options = {};","                local.buildCustomOrg(options, onError);","            };","","        local.testCase_buildLib_default = local.testCase_buildLib_default || function (","            options,","            onError","        ) {","        /*","         * this function will test buildLib's default handling-behavior","         */","            options = {};","            local.buildLib(options, onError);","        };","","        local.testCase_buildReadme_default = local.testCase_buildReadme_default || function (","            options,","            onError","        ) {","        /*","         * this function will test buildReadme's default handling-behavior","         */","            options = {};","            local.buildReadme(options, onError);","        };","","        local.testCase_buildTest_default = local.testCase_buildTest_default || function (","            options,","            onError","        ) {","        /*","         * this function will test buildTest's default handling-behavior","         */","            options = {};","            local.buildTest(options, onError);","        };","","        local.testCase_webpage_default = local.testCase_webpage_default || function (","            options,","            onError","        ) {","        /*","         * this function will test webpage's default handling-behavior","         */","            options = { modeCoverageMerge: true, url: local.serverLocalHost + '?modeTest=1' };","            local.browserTest(options, onError);","        };","","        // run test-server","        local.testRunServer(local);","        break;","    }","}());",""],"l":{"12":2,"14":2,"19":2,"21":2,"23":2,"24":2,"25":2,"30":1,"37":2,"40":2,"43":1,"47":1,"50":1,"52":1,"55":2,"61":2,"62":2,"66":2,"88":2,"89":12,"90":12,"94":2,"100":1,"106":1,"110":1,"111":1,"112":1,"113":1,"114":1,"124":1,"125":1,"131":1,"135":1,"138":1,"139":1,"140":1,"144":1,"148":1,"170":1,"171":6,"172":6,"176":1,"180":1,"184":1,"188":1,"189":1,"195":2,"196":2,"198":2,"205":1,"212":1,"215":1,"221":1,"222":1,"228":1,"229":1,"231":1,"238":1,"245":1,"246":1,"249":1,"256":1,"257":1,"258":1,"259":1,"260":1,"261":1,"264":1,"269":2,"270":2,"273":1,"280":2,"281":2,"284":1,"291":2,"292":2,"295":1,"302":2,"303":2,"306":1,"313":1,"314":1,"318":1,"319":1}},"/home/travis/build/kaizhu256/node-elasticsearch-lite/lib.elasticsearch.js":{"path":"/home/travis/build/kaizhu256/node-elasticsearch-lite/lib.elasticsearch.js","s":{"1":2,"2":2,"3":2,"4":2,"5":2,"6":2,"7":2,"8":1,"9":2,"10":2,"11":2,"12":2,"13":1,"14":1,"15":1,"16":1,"17":2,"18":2,"19":1,"20":2,"21":30,"22":30,"23":30,"24":38,"25":30,"26":30,"27":26,"28":26,"29":26,"30":0,"31":0,"32":4,"33":1,"34":1,"35":1,"36":3,"37":3,"38":4,"39":4,"40":4,"41":4,"42":4,"43":4,"44":0,"45":0,"46":0,"47":0,"48":0,"49":0,"50":0,"51":0,"52":0,"53":0,"54":0,"55":0,"56":0,"57":0,"58":30,"59":30,"60":2,"61":18,"62":18,"63":6,"64":6,"65":6,"66":12,"67":12,"68":3,"69":3,"70":9,"71":9,"72":3,"73":3,"74":6,"75":6,"76":6,"77":6,"78":2,"79":2,"80":1,"81":1,"82":1,"83":1,"84":1,"85":1,"86":1,"87":1,"88":1,"89":1,"90":1,"91":190,"92":190,"93":190,"94":39,"95":39,"96":151,"97":1,"98":1,"99":1,"100":1,"101":1,"102":1,"103":151,"104":151,"105":1,"106":1,"107":1,"108":1,"109":1,"110":1,"111":8,"112":8,"113":7,"114":1,"115":1,"116":1,"117":1,"118":1,"119":4,"120":3,"121":1,"122":1,"123":1,"124":1,"125":2,"126":1,"127":0,"128":1,"129":1,"130":1,"131":1,"132":0,"133":0,"134":0,"135":0},"b":{"1":[2,1,1,1],"2":[1,1,1,1],"3":[1,1],"4":[2,2],"5":[1,1],"6":[30,4,4,0],"7":[30,27],"8":[26,4],"9":[26,0],"10":[1,3],"11":[4,0],"12":[0,0],"13":[0,0],"14":[0,0],"15":[3,6,12],"16":[6,6],"17":[3,9],"18":[3,3,3],"19":[3,3],"20":[1,1],"21":[2,2],"22":[39,151],"23":[1,1,1],"24":[7,1],"25":[3,1],"26":[1],"27":[0,1],"28":[1,1],"29":[1,0],"30":[1,0]},"f":{"1":2,"2":2,"3":2,"4":2,"5":1,"6":30,"7":38,"8":0,"9":18,"10":6,"11":2,"12":1,"13":190,"14":190,"15":1,"16":8,"17":8,"18":4},"fnMap":{"1":{"name":"(anonymous_1)","line":13,"loc":{"start":{"line":13,"column":1},"end":{"line":13,"column":13}}},"2":{"name":"(anonymous_2)","line":20,"loc":{"start":{"line":20,"column":5},"end":{"line":20,"column":17}}},"3":{"name":"(anonymous_3)","line":24,"loc":{"start":{"line":24,"column":24},"end":{"line":24,"column":36}}},"4":{"name":"(anonymous_4)","line":58,"loc":{"start":{"line":58,"column":5},"end":{"line":58,"column":17}}},"5":{"name":"(anonymous_5)","line":59,"loc":{"start":{"line":59,"column":34},"end":{"line":59,"column":46}}},"6":{"name":"(anonymous_6)","line":66,"loc":{"start":{"line":66,"column":34},"end":{"line":66,"column":79}}},"7":{"name":"(anonymous_7)","line":73,"loc":{"start":{"line":73,"column":34},"end":{"line":73,"column":57}}},"8":{"name":"(anonymous_8)","line":112,"loc":{"start":{"line":112,"column":55},"end":{"line":112,"column":78}}},"9":{"name":"(anonymous_9)","line":141,"loc":{"start":{"line":141,"column":39},"end":{"line":141,"column":84}}},"10":{"name":"(anonymous_10)","line":179,"loc":{"start":{"line":179,"column":19},"end":{"line":179,"column":40}}},"11":{"name":"(anonymous_11)","line":187,"loc":{"start":{"line":187,"column":28},"end":{"line":187,"column":47}}},"12":{"name":"(anonymous_12)","line":220,"loc":{"start":{"line":220,"column":15},"end":{"line":220,"column":38}}},"13":{"name":"(anonymous_13)","line":225,"loc":{"start":{"line":225,"column":19},"end":{"line":225,"column":51}}},"14":{"name":"(anonymous_14)","line":227,"loc":{"start":{"line":227,"column":83},"end":{"line":230,"column":22}}},"15":{"name":"(anonymous_15)","line":279,"loc":{"start":{"line":279,"column":31},"end":{"line":279,"column":43}}},"16":{"name":"(anonymous_16)","line":283,"loc":{"start":{"line":283,"column":65},"end":{"line":283,"column":77}}},"17":{"name":"(anonymous_17)","line":284,"loc":{"start":{"line":284,"column":72},"end":{"line":284,"column":89}}},"18":{"name":"(anonymous_18)","line":303,"loc":{"start":{"line":303,"column":22},"end":{"line":303,"column":37}}}},"statementMap":{"1":{"start":{"line":13,"column":0},"end":{"line":343,"column":5}},"2":{"start":{"line":15,"column":4},"end":{"line":15,"column":14}},"3":{"start":{"line":20,"column":4},"end":{"line":53,"column":9}},"4":{"start":{"line":22,"column":8},"end":{"line":22,"column":19}},"5":{"start":{"line":24,"column":8},"end":{"line":36,"column":13}},"6":{"start":{"line":25,"column":12},"end":{"line":35,"column":13}},"7":{"start":{"line":26,"column":16},"end":{"line":29,"column":30}},"8":{"start":{"line":31,"column":16},"end":{"line":34,"column":27}},"9":{"start":{"line":38,"column":8},"end":{"line":40,"column":21}},"10":{"start":{"line":42,"column":8},"end":{"line":42,"column":54}},"11":{"start":{"line":44,"column":8},"end":{"line":44,"column":50}},"12":{"start":{"line":46,"column":8},"end":{"line":52,"column":9}},"13":{"start":{"line":47,"column":12},"end":{"line":47,"column":56}},"14":{"start":{"line":49,"column":12},"end":{"line":49,"column":35}},"15":{"start":{"line":50,"column":12},"end":{"line":50,"column":49}},"16":{"start":{"line":51,"column":12},"end":{"line":51,"column":43}},"17":{"start":{"line":58,"column":4},"end":{"line":318,"column":9}},"18":{"start":{"line":59,"column":8},"end":{"line":64,"column":10}},"19":{"start":{"line":63,"column":12},"end":{"line":63,"column":74}},"20":{"start":{"line":66,"column":8},"end":{"line":139,"column":10}},"21":{"start":{"line":71,"column":12},"end":{"line":71,"column":29}},"22":{"start":{"line":72,"column":12},"end":{"line":72,"column":25}},"23":{"start":{"line":73,"column":12},"end":{"line":136,"column":15}},"24":{"start":{"line":74,"column":16},"end":{"line":135,"column":17}},"25":{"start":{"line":76,"column":20},"end":{"line":76,"column":76}},"26":{"start":{"line":77,"column":20},"end":{"line":84,"column":21}},"27":{"start":{"line":78,"column":24},"end":{"line":78,"column":70}},"28":{"start":{"line":79,"column":24},"end":{"line":81,"column":25}},"29":{"start":{"line":80,"column":28},"end":{"line":80,"column":35}},"30":{"start":{"line":82,"column":24},"end":{"line":82,"column":79}},"31":{"start":{"line":83,"column":24},"end":{"line":83,"column":31}},"32":{"start":{"line":85,"column":20},"end":{"line":89,"column":21}},"33":{"start":{"line":86,"column":24},"end":{"line":86,"column":54}},"34":{"start":{"line":87,"column":24},"end":{"line":87,"column":59}},"35":{"start":{"line":88,"column":24},"end":{"line":88,"column":31}},"36":{"start":{"line":91,"column":20},"end":{"line":91,"column":65}},"37":{"start":{"line":92,"column":20},"end":{"line":92,"column":26}},"38":{"start":{"line":94,"column":20},"end":{"line":94,"column":63}},"39":{"start":{"line":96,"column":20},"end":{"line":100,"column":39}},"40":{"start":{"line":101,"column":20},"end":{"line":101,"column":26}},"41":{"start":{"line":104,"column":20},"end":{"line":107,"column":21}},"42":{"start":{"line":105,"column":24},"end":{"line":105,"column":56}},"43":{"start":{"line":106,"column":24},"end":{"line":106,"column":31}},"44":{"start":{"line":109,"column":20},"end":{"line":109,"column":60}},"45":{"start":{"line":110,"column":20},"end":{"line":110,"column":73}},"46":{"start":{"line":111,"column":20},"end":{"line":111,"column":40}},"47":{"start":{"line":112,"column":20},"end":{"line":126,"column":23}},"48":{"start":{"line":113,"column":24},"end":{"line":113,"column":62}},"49":{"start":{"line":114,"column":24},"end":{"line":116,"column":25}},"50":{"start":{"line":115,"column":28},"end":{"line":115,"column":35}},"51":{"start":{"line":117,"column":24},"end":{"line":119,"column":34}},"52":{"start":{"line":120,"column":24},"end":{"line":124,"column":34}},"53":{"start":{"line":125,"column":24},"end":{"line":125,"column":74}},"54":{"start":{"line":127,"column":20},"end":{"line":127,"column":68}},"55":{"start":{"line":128,"column":20},"end":{"line":131,"column":23}},"56":{"start":{"line":132,"column":20},"end":{"line":132,"column":26}},"57":{"start":{"line":134,"column":20},"end":{"line":134,"column":42}},"58":{"start":{"line":137,"column":12},"end":{"line":137,"column":33}},"59":{"start":{"line":138,"column":12},"end":{"line":138,"column":29}},"60":{"start":{"line":141,"column":8},"end":{"line":185,"column":10}},"61":{"start":{"line":145,"column":12},"end":{"line":145,"column":48}},"62":{"start":{"line":146,"column":12},"end":{"line":184,"column":13}},"63":{"start":{"line":150,"column":16},"end":{"line":152,"column":19}},"64":{"start":{"line":153,"column":16},"end":{"line":153,"column":31}},"65":{"start":{"line":154,"column":16},"end":{"line":154,"column":22}},"66":{"start":{"line":156,"column":16},"end":{"line":156,"column":59}},"67":{"start":{"line":157,"column":16},"end":{"line":160,"column":17}},"68":{"start":{"line":158,"column":20},"end":{"line":158,"column":35}},"69":{"start":{"line":159,"column":20},"end":{"line":159,"column":27}},"70":{"start":{"line":161,"column":16},"end":{"line":163,"column":19}},"71":{"start":{"line":164,"column":16},"end":{"line":171,"column":17}},"72":{"start":{"line":169,"column":20},"end":{"line":169,"column":79}},"73":{"start":{"line":170,"column":20},"end":{"line":170,"column":27}},"74":{"start":{"line":173,"column":16},"end":{"line":182,"column":47}},"75":{"start":{"line":180,"column":20},"end":{"line":180,"column":76}},"76":{"start":{"line":181,"column":20},"end":{"line":181,"column":51}},"77":{"start":{"line":183,"column":16},"end":{"line":183,"column":45}},"78":{"start":{"line":187,"column":8},"end":{"line":317,"column":10}},"79":{"start":{"line":188,"column":12},"end":{"line":190,"column":13}},"80":{"start":{"line":189,"column":16},"end":{"line":189,"column":23}},"81":{"start":{"line":192,"column":12},"end":{"line":192,"column":64}},"82":{"start":{"line":193,"column":12},"end":{"line":206,"column":14}},"83":{"start":{"line":207,"column":12},"end":{"line":207,"column":39}},"84":{"start":{"line":209,"column":12},"end":{"line":212,"column":54}},"85":{"start":{"line":213,"column":12},"end":{"line":214,"column":79}},"86":{"start":{"line":215,"column":12},"end":{"line":215,"column":71}},"87":{"start":{"line":217,"column":12},"end":{"line":217,"column":45}},"88":{"start":{"line":218,"column":12},"end":{"line":273,"column":15}},"89":{"start":{"line":222,"column":16},"end":{"line":222,"column":44}},"90":{"start":{"line":223,"column":16},"end":{"line":272,"column":40}},"91":{"start":{"line":226,"column":20},"end":{"line":226,"column":44}},"92":{"start":{"line":227,"column":20},"end":{"line":271,"column":23}},"93":{"start":{"line":231,"column":24},"end":{"line":234,"column":25}},"94":{"start":{"line":232,"column":28},"end":{"line":232,"column":41}},"95":{"start":{"line":233,"column":28},"end":{"line":233,"column":35}},"96":{"start":{"line":235,"column":24},"end":{"line":268,"column":25}},"97":{"start":{"line":237,"column":28},"end":{"line":250,"column":34}},"98":{"start":{"line":251,"column":28},"end":{"line":251,"column":34}},"99":{"start":{"line":253,"column":28},"end":{"line":256,"column":93}},"100":{"start":{"line":257,"column":28},"end":{"line":257,"column":34}},"101":{"start":{"line":259,"column":28},"end":{"line":266,"column":34}},"102":{"start":{"line":267,"column":28},"end":{"line":267,"column":34}},"103":{"start":{"line":269,"column":24},"end":{"line":269,"column":72}},"104":{"start":{"line":270,"column":24},"end":{"line":270,"column":37}},"105":{"start":{"line":275,"column":12},"end":{"line":276,"column":45}},"106":{"start":{"line":278,"column":12},"end":{"line":278,"column":63}},"107":{"start":{"line":279,"column":12},"end":{"line":281,"column":15}},"108":{"start":{"line":280,"column":16},"end":{"line":280,"column":55}},"109":{"start":{"line":282,"column":12},"end":{"line":282,"column":45}},"110":{"start":{"line":283,"column":12},"end":{"line":293,"column":21}},"111":{"start":{"line":284,"column":16},"end":{"line":292,"column":19}},"112":{"start":{"line":285,"column":20},"end":{"line":287,"column":21}},"113":{"start":{"line":286,"column":24},"end":{"line":286,"column":31}},"114":{"start":{"line":288,"column":20},"end":{"line":288,"column":74}},"115":{"start":{"line":289,"column":20},"end":{"line":290,"column":74}},"116":{"start":{"line":291,"column":20},"end":{"line":291,"column":42}},"117":{"start":{"line":295,"column":12},"end":{"line":295,"column":58}},"118":{"start":{"line":296,"column":12},"end":{"line":307,"column":15}},"119":{"start":{"line":304,"column":16},"end":{"line":306,"column":17}},"120":{"start":{"line":305,"column":20},"end":{"line":305,"column":43}},"121":{"start":{"line":308,"column":12},"end":{"line":312,"column":37}},"122":{"start":{"line":313,"column":12},"end":{"line":313,"column":56}},"123":{"start":{"line":315,"column":12},"end":{"line":315,"column":45}},"124":{"start":{"line":316,"column":12},"end":{"line":316,"column":55}},"125":{"start":{"line":319,"column":4},"end":{"line":342,"column":5}},"126":{"start":{"line":326,"column":8},"end":{"line":328,"column":9},"skip":true},"127":{"start":{"line":327,"column":12},"end":{"line":327,"column":18},"skip":true},"128":{"start":{"line":330,"column":8},"end":{"line":330,"column":82},"skip":true},"129":{"start":{"line":331,"column":8},"end":{"line":331,"column":63},"skip":true},"130":{"start":{"line":333,"column":8},"end":{"line":335,"column":9},"skip":true},"131":{"start":{"line":334,"column":12},"end":{"line":334,"column":18},"skip":true},"132":{"start":{"line":336,"column":8},"end":{"line":336,"column":59},"skip":true},"133":{"start":{"line":338,"column":8},"end":{"line":338,"column":35},"skip":true},"134":{"start":{"line":340,"column":8},"end":{"line":340,"column":26},"skip":true},"135":{"start":{"line":341,"column":8},"end":{"line":341,"column":14},"skip":true}},"branchMap":{"1":{"line":26,"type":"binary-expr","locations":[{"start":{"line":26,"column":23},"end":{"line":26,"column":62}},{"start":{"line":27,"column":20},"end":{"line":27,"column":70}},{"start":{"line":28,"column":20},"end":{"line":28,"column":71}},{"start":{"line":29,"column":20},"end":{"line":29,"column":29}}]},"2":{"line":31,"type":"binary-expr","locations":[{"start":{"line":31,"column":23},"end":{"line":31,"column":37}},{"start":{"line":32,"column":20},"end":{"line":32,"column":61}},{"start":{"line":33,"column":20},"end":{"line":33,"column":70}},{"start":{"line":34,"column":20},"end":{"line":34,"column":26}}]},"3":{"line":38,"type":"cond-expr","locations":[{"start":{"line":39,"column":14},"end":{"line":39,"column":20}},{"start":{"line":40,"column":14},"end":{"line":40,"column":20}}]},"4":{"line":42,"type":"binary-expr","locations":[{"start":{"line":42,"column":16},"end":{"line":42,"column":44}},{"start":{"line":42,"column":48},"end":{"line":42,"column":53}}]},"5":{"line":46,"type":"if","locations":[{"start":{"line":46,"column":8},"end":{"line":46,"column":8}},{"start":{"line":46,"column":8},"end":{"line":46,"column":8}}]},"6":{"line":74,"type":"switch","locations":[{"start":{"line":75,"column":16},"end":{"line":92,"column":26}},{"start":{"line":93,"column":16},"end":{"line":101,"column":26}},{"start":{"line":102,"column":16},"end":{"line":132,"column":26}},{"start":{"line":133,"column":16},"end":{"line":134,"column":42}}]},"7":{"line":76,"type":"binary-expr","locations":[{"start":{"line":76,"column":37},"end":{"line":76,"column":51}},{"start":{"line":76,"column":55},"end":{"line":76,"column":75}}]},"8":{"line":77,"type":"if","locations":[{"start":{"line":77,"column":20},"end":{"line":77,"column":20}},{"start":{"line":77,"column":20},"end":{"line":77,"column":20}}]},"9":{"line":79,"type":"if","locations":[{"start":{"line":79,"column":24},"end":{"line":79,"column":24}},{"start":{"line":79,"column":24},"end":{"line":79,"column":24}}]},"10":{"line":85,"type":"if","locations":[{"start":{"line":85,"column":20},"end":{"line":85,"column":20}},{"start":{"line":85,"column":20},"end":{"line":85,"column":20}}]},"11":{"line":104,"type":"if","locations":[{"start":{"line":104,"column":20},"end":{"line":104,"column":20}},{"start":{"line":104,"column":20},"end":{"line":104,"column":20}}]},"12":{"line":113,"type":"binary-expr","locations":[{"start":{"line":113,"column":30},"end":{"line":113,"column":44}},{"start":{"line":113,"column":48},"end":{"line":113,"column":61}}]},"13":{"line":114,"type":"if","locations":[{"start":{"line":114,"column":24},"end":{"line":114,"column":24}},{"start":{"line":114,"column":24},"end":{"line":114,"column":24}}]},"14":{"line":117,"type":"cond-expr","locations":[{"start":{"line":118,"column":30},"end":{"line":118,"column":33}},{"start":{"line":119,"column":30},"end":{"line":119,"column":33}}]},"15":{"line":146,"type":"switch","locations":[{"start":{"line":148,"column":12},"end":{"line":148,"column":27}},{"start":{"line":149,"column":12},"end":{"line":154,"column":22}},{"start":{"line":155,"column":12},"end":{"line":183,"column":45}}]},"16":{"line":151,"type":"binary-expr","locations":[{"start":{"line":151,"column":54},"end":{"line":151,"column":78}},{"start":{"line":151,"column":82},"end":{"line":151,"column":84}}]},"17":{"line":157,"type":"if","locations":[{"start":{"line":157,"column":16},"end":{"line":157,"column":16}},{"start":{"line":157,"column":16},"end":{"line":157,"column":16}}]},"18":{"line":164,"type":"switch","locations":[{"start":{"line":166,"column":16},"end":{"line":166,"column":34}},{"start":{"line":167,"column":16},"end":{"line":167,"column":42}},{"start":{"line":168,"column":16},"end":{"line":170,"column":27}}]},"19":{"line":175,"type":"cond-expr","locations":[{"start":{"line":176,"column":26},"end":{"line":176,"column":29}},{"start":{"line":177,"column":26},"end":{"line":177,"column":37}}]},"20":{"line":188,"type":"if","locations":[{"start":{"line":188,"column":12},"end":{"line":188,"column":12}},{"start":{"line":188,"column":12},"end":{"line":188,"column":12}}]},"21":{"line":188,"type":"binary-expr","locations":[{"start":{"line":188,"column":16},"end":{"line":188,"column":44}},{"start":{"line":188,"column":48},"end":{"line":188,"column":91}}]},"22":{"line":231,"type":"if","locations":[{"start":{"line":231,"column":24},"end":{"line":231,"column":24}},{"start":{"line":231,"column":24},"end":{"line":231,"column":24}}]},"23":{"line":235,"type":"switch","locations":[{"start":{"line":236,"column":24},"end":{"line":251,"column":34}},{"start":{"line":252,"column":24},"end":{"line":257,"column":34}},{"start":{"line":258,"column":24},"end":{"line":267,"column":34}}]},"24":{"line":285,"type":"if","locations":[{"start":{"line":285,"column":20},"end":{"line":285,"column":20}},{"start":{"line":285,"column":20},"end":{"line":285,"column":20}}]},"25":{"line":304,"type":"if","locations":[{"start":{"line":304,"column":16},"end":{"line":304,"column":16}},{"start":{"line":304,"column":16},"end":{"line":304,"column":16}}]},"26":{"line":319,"type":"switch","locations":[{"start":{"line":325,"column":4},"end":{"line":341,"column":14},"skip":true}]},"27":{"line":326,"type":"if","locations":[{"start":{"line":326,"column":8},"end":{"line":326,"column":8},"skip":true},{"start":{"line":326,"column":8},"end":{"line":326,"column":8},"skip":true}]},"28":{"line":330,"type":"binary-expr","locations":[{"start":{"line":330,"column":25},"end":{"line":330,"column":39},"skip":true},{"start":{"line":330,"column":43},"end":{"line":330,"column":81},"skip":true}]},"29":{"line":333,"type":"if","locations":[{"start":{"line":333,"column":8},"end":{"line":333,"column":8},"skip":true},{"start":{"line":333,"column":8},"end":{"line":333,"column":8},"skip":true}]},"30":{"line":333,"type":"binary-expr","locations":[{"start":{"line":333,"column":12},"end":{"line":333,"column":35},"skip":true},{"start":{"line":333,"column":39},"end":{"line":333,"column":67},"skip":true}]}},"code":["//#!/usr/bin/env node","/* istanbul instrument in package elasticsearch */","/*jslint","    bitwise: true,","    browser: true,","    maxerr: 8,","    maxlen: 96,","    node: true,","    nomen: true,","    regexp: true,","    stupid: true","*/","(function () {","    'use strict';","    var local;","","","","    // run shared js-env code - init-before","    (function () {","        // init local","        local = {};","        // init modeJs","        local.modeJs = (function () {","            try {","                return typeof navigator.userAgent === 'string' &&","                    typeof document.querySelector('body') === 'object' &&","                    typeof XMLHttpRequest.prototype.open === 'function' &&","                    'browser';","            } catch (errorCaughtBrowser) {","                return module.exports &&","                    typeof process.versions.node === 'string' &&","                    typeof require('http').createServer === 'function' &&","                    'node';","            }","        }());","        // init global","        local.global = local.modeJs === 'browser'","            ? window","            : global;","        // init utility2_rollup","        local = local.global.utility2_rollup || local;","        // init lib","        local.local = local.elasticsearch = local;","        // init exports","        if (local.modeJs === 'browser') {","            local.global.utility2_elasticsearch = local;","        } else {","            module.exports = local;","            module.exports.__dirname = __dirname;","            module.exports.module = module;","        }","    }());","","","","    // run shared js-env code - function","    (function () {","        local.killElasticsearch = function () {","        /*","         * this function will kill elasticsearch","         */","            process.kill(local.global.utility2_processElasticsearch1.pid);","        };","","        local.middlewareBulkPut = function (request, response, nextMiddleware) {","        /*","         * this function will run the middleware,","         * that will bulk upsert documents into elasticsearch","         */","            var options, tmp;","            options = {};","            local.onNext(options, function (error, data) {","                switch (options.modeNext) {","                case 1:","                    nextMiddleware = nextMiddleware || local.onErrorDefault;","                    if (!request) {","                        request = local.middlewareBulkPutList.shift();","                        if (!request) {","                            return;","                        }","                        local.middlewareBulkPut(request, null, nextMiddleware);","                        return;","                    }","                    if (!response) {","                        response = { end: local.nop };","                        options.onNext(null, request.data);","                        return;","                    }","                    // read request-body","                    local.streamReadAll(request, options.onNext);","                    break;","                case 2:","                    options.data = new Buffer(data).toString();","                    // forward-proxy request to elasticsearch","                    local.ajax({","                        data: options.data,","                        method: 'put',","                        url: local.serverLocalHostElasticsearch + request.url","                    }, options.onNext);","                    break;","                case 3:","                    // successful operation","                    if (data.responseText.slice(0, 256).indexOf(',\"errors\":false,') >= 0) {","                        response.end(data.responseText);","                        return;","                    }","                    // fallback","                    options.data = options.data.split('\\n');","                    options.responseJson = JSON.parse(data.responseText);","                    options.result = '';","                    options.responseJson.items.forEach(function (element, ii) {","                        tmp = element.create || element.index;","                        if (tmp.status < 300) {","                            return;","                        }","                        tmp.status = tmp === element.create","                            ? 201","                            : 200;","                        options.result += JSON.stringify({","                            _id: tmp.id,","                            _index: tmp.index,","                            _type: tmp.type","                        }) + '\\n';","                        options.result += options.data[2 * ii + 1] + '\\n';","                    });","                    response.end(JSON.stringify(data.responseJson));","                    local.middlewareBulkPutList.push({","                        data: options.result,","                        url: request.url","                    });","                    break;","                default:","                    nextMiddleware(error);","                }","            });","            options.modeNext = 0;","            options.onNext();","        };","","        local.middlewareRouterCustom = function (request, response, nextMiddleware) {","        /*","         * this function will run the middleware that will route elasticsearch requests","         */","            var requestBackend, responseBackend;","            switch (request.urlParsed.pathname) {","            // redirect to kibana","            case '/kibana':","            case '/kibana/':","                response.writeHead(307, {","                    location: '/kibana/index.html' + (request.urlParsed.search || '')","                });","                response.end();","                break;","            default:","                local.serverRespondCors(request, response);","                if (request.method === 'OPTIONS') {","                    response.end();","                    return;","                }","                local.serverRespondHeadSet(request, response, null, {","                    'content-type': 'application/json'","                });","                switch (request.swgg.crud.operationId) {","                // handle _bulk upsert","                case '/_bulk.put':","                case '/{index}/_bulk.put':","                case '/{index}/{type}/_bulk.put':","                    local.middlewareBulkPut(request, response, nextMiddleware);","                    return;","                }","                // forward-proxy request to elasticsearch","                requestBackend = local.http.request({","                    method: request.method,","                    path: request.swgg.crud.operationId === '/__info.get'","                        ? '/'","                        : request.url,","                    port: local.serverLocalHostElasticsearch.split(':')[2]","                }, function (_response) {","                    responseBackend = _response.on('error', nextMiddleware);","                    responseBackend.pipe(response);","                }).on('error', nextMiddleware);","                request.pipe(requestBackend);","            }","        };","","        local.serverStart = function (options) {","            if (local.global.utility2_rollup || local.global.utility2_processElasticsearch1) {","                return;","            }","            // start server","            local.objectSetDefault(local.env, { PORT: '9200' });","            local.utility2.middlewareList = [","                local.middlewareInit,","                local.middlewareForwardProxy,","                local.middlewareAssetsCached,","                local.swgg.middlewareRouter,","                local.swgg.middlewareUserLogin,","                local.middlewareJsonpStateInit,","                local.middlewareRouterCustom,","                local.middlewareBodyRead,","                local.swgg.middlewareBodyParse,","                local.swgg.middlewareValidate,","                local.swgg.middlewareCrudBuiltin,","                local.swgg.middlewareCrudEnd","            ];","            local.testRunServer(local);","            // init assets - swgg","            local.assetsDict['/'] =","                local.assetsDict['/index.html'] =","                local.assetsDict['/assets.index.template.html'] =","                local.assetsDict['/assets.swgg.html'];","            local.assetsDict['/assets.swgg.swagger.json'] =","                local.fs.readFileSync(__dirname + '/assets.swgg.swagger.json');","            local.apiDictUpdate(require('./assets.swgg.swagger.json'));","            // init assets - kibana","            local.onReadyBefore.counter += 1;","            local.child_process.exec('find kibana', {","                cwd: __dirname + '/external'","            }, function (error, data) {","                // validate no error occurred","                local.assert(!error, error);","                local.onParallelList({","                    list: data.toString().split('\\n')","                }, function (options2, onParallel) {","                    onParallel.counter += 1;","                    local.fs.readFile(__dirname + '/external/' + options2.element, function (","                        error,","                        data","                    ) {","                        if (error) {","                            onParallel();","                            return;","                        }","                        switch (options2.element) {","                        case 'kibana/app/app.js':","                            data = 'var local={};local.githubCorsUrlOverride=' +","                                local.githubCorsUrlOverride.toString().trim() + ';\\n' + data","                                .toString()","                                // githubCorsHost","                                .replace(","                                    'v.open(e,i,!0)',","                                    'v.open(e,local.githubCorsUrlOverride(i,' +","                                        '\"https://h1-elasticsearch-alpha.herokuapp.com\",' +","                                        '(/^(' +","                                        '\\\\/_\\\\w|' +","                                        '\\\\/[^\\\\/].*?\\\\/_\\\\w|' +","                                        '\\\\/kibana-int\\\\/' +","                                        ')/)),!0)'","                                );","                            break;","                        case 'kibana/config.js':","                            data = data","                                .toString()","                                // strip port 9200 from kibana","                                .replace('\"http://\"+window.location.hostname+\":9200\"', '\"\"');","                            break;","                        case 'kibana/app/dashboards/logstash.json':","                            data = data","                                .toString()","                                // relax logstash index-filter","                                .replace('\"interval\": \"day\",', '\"interval\": \"none\",')","                                .replace(","                                    '\"default\": \"NO_TIME_FILTER_OR_INDEX_PATTERN_NOT_MATCHED\"',","                                    '\"default\": \"_all\"'","                                );","                            break;","                        }","                        local.assetsDict['/' + options2.element] = data;","                        onParallel();","                    });","                }, local.onReadyBefore);","            });","            // init serverLocalHostElasticsearch","            local.serverLocalHostElasticsearch = 'http://127.0.0.1:' +","                (Number(local.env.PORT) + 1);","            // start elasticsearch-server","            console.error('starting elasticsearch-server ...');","            local.onResetAfter(function () {","                local.onResetAfterElasticsearch = true;","            });","            local.onResetBefore.counter += 1;","            local.timerIntervalElasticsearchStatus = setInterval(function () {","                local.ajax({ url: local.serverLocalHostElasticsearch }, function (error) {","                    if (error) {","                        return;","                    }","                    clearInterval(local.timerIntervalElasticsearchStatus);","                    console.error('elasticsearch-server listening on http-port' +","                        local.serverLocalHostElasticsearch.split(':')[2]);","                    local.onResetBefore();","                });","            }, 1000);","            // init argv","            local.objectSetDefault(options, { argv: [] });","            [","                '-Des.http.port=' + local.serverLocalHostElasticsearch.split(':')[2],","                '-Des.path.data=' + process.cwd() + '/tmp/elasticsearch.data.' +","                    local.env.NODE_ENV,","                // coverage-hack - test redundant arg","                '',","                ''","            ].forEach(function (arg) {","                if (options.argv.indexOf(arg) < 0) {","                    options.argv.push(arg);","                }","            });","            local.global.utility2_processElasticsearch1 = local.child_process.spawn(","                __dirname + '/external/elasticsearch/bin/elasticsearch',","                options.argv,","                { stdio: ['ignore', 1, 2] }","            ).on('exit', local.exit);","            process.on('exit', local.killElasticsearch);","            // init middlewareBulkPutList","            local.middlewareBulkPutList = [];","            setInterval(local.middlewareBulkPut, 1000);","        };","    }());","    switch (local.modeJs) {","","","","    // run node js-env code - init-after","    /* istanbul ignore next */","    case 'node':","        if (local.global.utility2_rollup) {","            break;","        }","        // init utility2","        local.utility2 = local.utility2 || require('./assets.utility2.rollup.js');","        local.utility2.objectSetDefault(local, local.utility2);","        // run the cli","        if (module !== require.main || local.global.utility2_rollup) {","            break;","        }","        local.serverStart({ argv: process.argv.slice(2) });","        // init exports","        local.global.local = local;","        // start repl-debugger","        local.replStart();","        break;","    }","}());",""],"l":{"13":2,"15":2,"20":2,"22":2,"24":2,"25":2,"26":2,"31":1,"38":2,"42":2,"44":2,"46":2,"47":1,"49":1,"50":1,"51":1,"58":2,"59":2,"63":1,"66":2,"71":30,"72":30,"73":30,"74":38,"76":30,"77":30,"78":26,"79":26,"80":26,"82":0,"83":0,"85":4,"86":1,"87":1,"88":1,"91":3,"92":3,"94":4,"96":4,"101":4,"104":4,"105":4,"106":4,"109":0,"110":0,"111":0,"112":0,"113":0,"114":0,"115":0,"117":0,"120":0,"125":0,"127":0,"128":0,"132":0,"134":0,"137":30,"138":30,"141":2,"145":18,"146":18,"150":6,"153":6,"154":6,"156":12,"157":12,"158":3,"159":3,"161":9,"164":9,"169":3,"170":3,"173":6,"180":6,"181":6,"183":6,"187":2,"188":2,"189":1,"192":1,"193":1,"207":1,"209":1,"213":1,"215":1,"217":1,"218":1,"222":1,"223":1,"226":190,"227":190,"231":190,"232":39,"233":39,"235":151,"237":1,"251":1,"253":1,"257":1,"259":1,"267":1,"269":151,"270":151,"275":1,"278":1,"279":1,"280":1,"282":1,"283":1,"284":8,"285":8,"286":7,"288":1,"289":1,"291":1,"295":1,"296":1,"304":4,"305":3,"308":1,"313":1,"315":1,"316":1,"319":2,"326":1,"327":1,"330":1,"331":1,"333":1,"334":1,"336":1,"338":1,"340":1,"341":1}},"/home/travis/build/kaizhu256/node-elasticsearch-lite/example.js":{"path":"/home/travis/build/kaizhu256/node-elasticsearch-lite/example.js","s":{"1":2,"2":2,"3":2,"4":2,"5":2,"6":2,"7":2,"8":1,"9":2,"10":2,"11":2,"12":2,"13":1,"14":1,"15":2,"16":2,"17":1,"18":1,"19":1,"20":1,"21":1,"22":1,"23":1,"24":1,"25":1,"26":1,"27":1,"28":2,"29":1,"30":2,"31":2,"32":2,"33":2,"34":2,"35":0,"36":2,"37":1,"38":1,"39":1,"40":1,"41":1,"42":0,"43":0,"44":1,"45":1,"46":2,"47":0,"48":0,"49":0,"50":1,"51":2,"52":2,"53":4,"54":4,"55":4,"56":4,"57":0,"58":4,"59":4,"60":4,"61":1,"62":3,"63":1,"64":1,"65":1,"66":1,"67":1,"68":1,"69":1,"70":1,"71":1,"72":4,"73":4,"74":4,"75":1,"76":1,"77":0,"78":0,"79":0,"80":0,"81":0,"82":0,"83":0,"84":1,"85":1,"86":0,"87":0,"88":0,"89":0,"90":0,"91":0,"92":0,"93":0,"94":0,"95":0,"96":0,"97":0,"98":0,"99":0,"100":0,"101":0,"102":0},"b":{"1":[2,1,1,1],"2":[1,1,1,1],"3":[1,1],"4":[2,2],"5":[1,1],"6":[1],"7":[1,1],"8":[1,1],"9":[2,0],"10":[2,1,1,1,1,1],"11":[0,2,0],"12":[1,1],"13":[2,1,1],"14":[1,0],"15":[0,2],"16":[2,0,0,0,0,0,0],"17":[0,4],"18":[4,0],"19":[1,0],"20":[4,1],"21":[1,3],"22":[0,0,0,0,0],"23":[1,0],"24":[1,1],"25":[0,0],"26":[0,0],"27":[0,0],"28":[0,0],"29":[0,0],"30":[0,0],"31":[0,0]},"f":{"1":2,"2":2,"3":2,"4":2,"5":1,"6":1,"7":2,"8":2,"9":2,"10":4,"11":4,"12":3,"13":1,"14":4,"15":0,"16":0},"fnMap":{"1":{"name":"(anonymous_1)","line":135,"loc":{"start":{"line":135,"column":1},"end":{"line":135,"column":13}}},"2":{"name":"(anonymous_2)","line":142,"loc":{"start":{"line":142,"column":5},"end":{"line":142,"column":17}}},"3":{"name":"(anonymous_3)","line":146,"loc":{"start":{"line":146,"column":24},"end":{"line":146,"column":36}}},"4":{"name":"(anonymous_4)","line":178,"loc":{"start":{"line":178,"column":35},"end":{"line":178,"column":54}}},"5":{"name":"(anonymous_5)","line":196,"loc":{"start":{"line":196,"column":27},"end":{"line":196,"column":39}}},"6":{"name":"(anonymous_6)","line":197,"loc":{"start":{"line":197,"column":55},"end":{"line":197,"column":72}}},"7":{"name":"(anonymous_7)","line":212,"loc":{"start":{"line":212,"column":31},"end":{"line":212,"column":48}},"skip":true},"8":{"name":"(anonymous_8)","line":221,"loc":{"start":{"line":221,"column":26},"end":{"line":221,"column":45}},"skip":true},"9":{"name":"(anonymous_9)","line":266,"loc":{"start":{"line":266,"column":33},"end":{"line":266,"column":48}},"skip":true},"10":{"name":"(anonymous_10)","line":268,"loc":{"start":{"line":268,"column":27},"end":{"line":268,"column":39}},"skip":true},"11":{"name":"(anonymous_11)","line":276,"loc":{"start":{"line":276,"column":59},"end":{"line":276,"column":74}},"skip":true},"12":{"name":"(anonymous_12)","line":286,"loc":{"start":{"line":286,"column":45},"end":{"line":286,"column":62}},"skip":true},"13":{"name":"(anonymous_13)","line":287,"loc":{"start":{"line":287,"column":73},"end":{"line":287,"column":92}},"skip":true},"14":{"name":"(anonymous_14)","line":313,"loc":{"start":{"line":313,"column":18},"end":{"line":313,"column":34}},"skip":true},"15":{"name":"(anonymous_15)","line":326,"loc":{"start":{"line":326,"column":47},"end":{"line":326,"column":73}},"skip":true},"16":{"name":"(anonymous_16)","line":370,"loc":{"start":{"line":370,"column":32},"end":{"line":370,"column":61}},"skip":true}},"statementMap":{"1":{"start":{"line":135,"column":0},"end":{"line":381,"column":5}},"2":{"start":{"line":137,"column":4},"end":{"line":137,"column":14}},"3":{"start":{"line":142,"column":4},"end":{"line":169,"column":9}},"4":{"start":{"line":144,"column":8},"end":{"line":144,"column":19}},"5":{"start":{"line":146,"column":8},"end":{"line":158,"column":13}},"6":{"start":{"line":147,"column":12},"end":{"line":157,"column":13}},"7":{"start":{"line":148,"column":16},"end":{"line":151,"column":30}},"8":{"start":{"line":153,"column":16},"end":{"line":156,"column":27}},"9":{"start":{"line":160,"column":8},"end":{"line":162,"column":21}},"10":{"start":{"line":164,"column":8},"end":{"line":166,"column":45}},"11":{"start":{"line":168,"column":8},"end":{"line":168,"column":35}},"12":{"start":{"line":170,"column":4},"end":{"line":203,"column":5}},"13":{"start":{"line":176,"column":8},"end":{"line":176,"column":62}},"14":{"start":{"line":178,"column":8},"end":{"line":192,"column":10}},"15":{"start":{"line":179,"column":12},"end":{"line":179,"column":68}},"16":{"start":{"line":180,"column":12},"end":{"line":182,"column":13}},"17":{"start":{"line":181,"column":16},"end":{"line":181,"column":23}},"18":{"start":{"line":183,"column":12},"end":{"line":183,"column":46}},"19":{"start":{"line":184,"column":12},"end":{"line":184,"column":49}},"20":{"start":{"line":185,"column":12},"end":{"line":191,"column":15}},"21":{"start":{"line":194,"column":8},"end":{"line":194,"column":73}},"22":{"start":{"line":195,"column":8},"end":{"line":195,"column":41}},"23":{"start":{"line":196,"column":8},"end":{"line":201,"column":11}},"24":{"start":{"line":197,"column":12},"end":{"line":200,"column":15}},"25":{"start":{"line":198,"column":16},"end":{"line":198,"column":44}},"26":{"start":{"line":199,"column":16},"end":{"line":199,"column":38}},"27":{"start":{"line":202,"column":8},"end":{"line":202,"column":14}},"28":{"start":{"line":204,"column":4},"end":{"line":380,"column":5}},"29":{"start":{"line":212,"column":8},"end":{"line":264,"column":10},"skip":true},"30":{"start":{"line":213,"column":12},"end":{"line":231,"column":13},"skip":true},"31":{"start":{"line":219,"column":16},"end":{"line":230,"column":19},"skip":true},"32":{"start":{"line":222,"column":20},"end":{"line":229,"column":21},"skip":true},"33":{"start":{"line":225,"column":24},"end":{"line":225,"column":43},"skip":true},"34":{"start":{"line":226,"column":24},"end":{"line":226,"column":30},"skip":true},"35":{"start":{"line":228,"column":24},"end":{"line":228,"column":49},"skip":true},"36":{"start":{"line":232,"column":12},"end":{"line":250,"column":13},"skip":true},"37":{"start":{"line":235,"column":16},"end":{"line":245,"column":17},"skip":true},"38":{"start":{"line":236,"column":20},"end":{"line":236,"column":88},"skip":true},"39":{"start":{"line":237,"column":20},"end":{"line":238,"column":45},"skip":true},"40":{"start":{"line":239,"column":20},"end":{"line":239,"column":42},"skip":true},"41":{"start":{"line":240,"column":20},"end":{"line":240,"column":48},"skip":true},"42":{"start":{"line":243,"column":20},"end":{"line":243,"column":86},"skip":true},"43":{"start":{"line":244,"column":20},"end":{"line":244,"column":96},"skip":true},"44":{"start":{"line":246,"column":16},"end":{"line":246,"column":22},"skip":true},"45":{"start":{"line":249,"column":16},"end":{"line":249,"column":22},"skip":true},"46":{"start":{"line":251,"column":12},"end":{"line":263,"column":13},"skip":true},"47":{"start":{"line":257,"column":16},"end":{"line":262,"column":17},"skip":true},"48":{"start":{"line":259,"column":20},"end":{"line":259,"column":78},"skip":true},"49":{"start":{"line":261,"column":20},"end":{"line":261,"column":47},"skip":true},"50":{"start":{"line":266,"column":8},"end":{"line":284,"column":11},"skip":true},"51":{"start":{"line":267,"column":12},"end":{"line":267,"column":54},"skip":true},"52":{"start":{"line":268,"column":12},"end":{"line":283,"column":14},"skip":true},"53":{"start":{"line":269,"column":16},"end":{"line":269,"column":28},"skip":true},"54":{"start":{"line":270,"column":16},"end":{"line":270,"column":69},"skip":true},"55":{"start":{"line":271,"column":16},"end":{"line":271,"column":75},"skip":true},"56":{"start":{"line":272,"column":16},"end":{"line":274,"column":17},"skip":true},"57":{"start":{"line":273,"column":20},"end":{"line":273,"column":27},"skip":true},"58":{"start":{"line":276,"column":16},"end":{"line":280,"column":36},"skip":true},"59":{"start":{"line":277,"column":20},"end":{"line":279,"column":55},"skip":true},"60":{"start":{"line":282,"column":16},"end":{"line":282,"column":57},"skip":true},"61":{"start":{"line":286,"column":8},"end":{"line":290,"column":11},"skip":true},"62":{"start":{"line":287,"column":12},"end":{"line":289,"column":15},"skip":true},"63":{"start":{"line":288,"column":16},"end":{"line":288,"column":70},"skip":true},"64":{"start":{"line":292,"column":8},"end":{"line":292,"column":31},"skip":true},"65":{"start":{"line":293,"column":8},"end":{"line":293,"column":14},"skip":true},"66":{"start":{"line":301,"column":8},"end":{"line":301,"column":31},"skip":true},"67":{"start":{"line":303,"column":8},"end":{"line":303,"column":33},"skip":true},"68":{"start":{"line":304,"column":8},"end":{"line":304,"column":37},"skip":true},"69":{"start":{"line":305,"column":8},"end":{"line":305,"column":35},"skip":true},"70":{"start":{"line":307,"column":8},"end":{"line":307,"column":50},"skip":true},"71":{"start":{"line":308,"column":8},"end":{"line":322,"column":11},"skip":true},"72":{"start":{"line":314,"column":12},"end":{"line":314,"column":30},"skip":true},"73":{"start":{"line":315,"column":12},"end":{"line":315,"column":66},"skip":true},"74":{"start":{"line":316,"column":12},"end":{"line":321,"column":13},"skip":true},"75":{"start":{"line":317,"column":16},"end":{"line":320,"column":18},"skip":true},"76":{"start":{"line":323,"column":8},"end":{"line":341,"column":15},"skip":true},"77":{"start":{"line":328,"column":16},"end":{"line":328,"column":31},"skip":true},"78":{"start":{"line":329,"column":16},"end":{"line":340,"column":17},"skip":true},"79":{"start":{"line":331,"column":20},"end":{"line":331,"column":60},"skip":true},"80":{"start":{"line":333,"column":20},"end":{"line":333,"column":48},"skip":true},"81":{"start":{"line":335,"column":20},"end":{"line":335,"column":43},"skip":true},"82":{"start":{"line":337,"column":20},"end":{"line":337,"column":35},"skip":true},"83":{"start":{"line":339,"column":20},"end":{"line":339,"column":34},"skip":true},"84":{"start":{"line":343,"column":8},"end":{"line":345,"column":9},"skip":true},"85":{"start":{"line":344,"column":12},"end":{"line":344,"column":18},"skip":true},"86":{"start":{"line":346,"column":8},"end":{"line":348,"column":54},"skip":true},"87":{"start":{"line":351,"column":8},"end":{"line":356,"column":37},"skip":true},"88":{"start":{"line":358,"column":8},"end":{"line":358,"column":82},"skip":true},"89":{"start":{"line":361,"column":8},"end":{"line":363,"column":9},"skip":true},"90":{"start":{"line":362,"column":12},"end":{"line":362,"column":82},"skip":true},"91":{"start":{"line":365,"column":8},"end":{"line":367,"column":9},"skip":true},"92":{"start":{"line":366,"column":12},"end":{"line":366,"column":18},"skip":true},"93":{"start":{"line":368,"column":8},"end":{"line":368,"column":54},"skip":true},"94":{"start":{"line":369,"column":8},"end":{"line":369,"column":69},"skip":true},"95":{"start":{"line":370,"column":8},"end":{"line":378,"column":36},"skip":true},"96":{"start":{"line":371,"column":12},"end":{"line":371,"column":61},"skip":true},"97":{"start":{"line":372,"column":12},"end":{"line":375,"column":13},"skip":true},"98":{"start":{"line":373,"column":16},"end":{"line":373,"column":75},"skip":true},"99":{"start":{"line":374,"column":16},"end":{"line":374,"column":23},"skip":true},"100":{"start":{"line":376,"column":12},"end":{"line":376,"column":38},"skip":true},"101":{"start":{"line":377,"column":12},"end":{"line":377,"column":27},"skip":true},"102":{"start":{"line":379,"column":8},"end":{"line":379,"column":14},"skip":true}},"branchMap":{"1":{"line":148,"type":"binary-expr","locations":[{"start":{"line":148,"column":23},"end":{"line":148,"column":62}},{"start":{"line":149,"column":20},"end":{"line":149,"column":70}},{"start":{"line":150,"column":20},"end":{"line":150,"column":71}},{"start":{"line":151,"column":20},"end":{"line":151,"column":29}}]},"2":{"line":153,"type":"binary-expr","locations":[{"start":{"line":153,"column":23},"end":{"line":153,"column":37}},{"start":{"line":154,"column":20},"end":{"line":154,"column":61}},{"start":{"line":155,"column":20},"end":{"line":155,"column":70}},{"start":{"line":156,"column":20},"end":{"line":156,"column":26}}]},"3":{"line":160,"type":"cond-expr","locations":[{"start":{"line":161,"column":14},"end":{"line":161,"column":20}},{"start":{"line":162,"column":14},"end":{"line":162,"column":20}}]},"4":{"line":164,"type":"binary-expr","locations":[{"start":{"line":164,"column":16},"end":{"line":164,"column":44}},{"start":{"line":164,"column":49},"end":{"line":166,"column":43}}]},"5":{"line":164,"type":"cond-expr","locations":[{"start":{"line":165,"column":14},"end":{"line":165,"column":49}},{"start":{"line":166,"column":14},"end":{"line":166,"column":43}}]},"6":{"line":170,"type":"switch","locations":[{"start":{"line":175,"column":4},"end":{"line":202,"column":14}}]},"7":{"line":180,"type":"if","locations":[{"start":{"line":180,"column":12},"end":{"line":180,"column":12}},{"start":{"line":180,"column":12},"end":{"line":180,"column":12}}]},"8":{"line":204,"type":"switch","locations":[{"start":{"line":211,"column":4},"end":{"line":293,"column":14},"skip":true},{"start":{"line":299,"column":4},"end":{"line":379,"column":14},"skip":true}]},"9":{"line":213,"type":"if","locations":[{"start":{"line":213,"column":12},"end":{"line":213,"column":12},"skip":true},{"start":{"line":213,"column":12},"end":{"line":213,"column":12},"skip":true}]},"10":{"line":213,"type":"binary-expr","locations":[{"start":{"line":213,"column":16},"end":{"line":213,"column":22},"skip":true},{"start":{"line":213,"column":27},"end":{"line":213,"column":32},"skip":true},{"start":{"line":214,"column":20},"end":{"line":214,"column":39},"skip":true},{"start":{"line":215,"column":20},"end":{"line":215,"column":49},"skip":true},{"start":{"line":216,"column":20},"end":{"line":216,"column":58},"skip":true},{"start":{"line":217,"column":20},"end":{"line":217,"column":69},"skip":true}]},"11":{"line":222,"type":"switch","locations":[{"start":{"line":223,"column":20},"end":{"line":223,"column":33},"skip":true},{"start":{"line":224,"column":20},"end":{"line":226,"column":30},"skip":true},{"start":{"line":227,"column":20},"end":{"line":228,"column":49},"skip":true}]},"12":{"line":232,"type":"switch","locations":[{"start":{"line":233,"column":12},"end":{"line":246,"column":22},"skip":true},{"start":{"line":248,"column":12},"end":{"line":249,"column":22},"skip":true}]},"13":{"line":232,"type":"binary-expr","locations":[{"start":{"line":232,"column":20},"end":{"line":232,"column":25},"skip":true},{"start":{"line":232,"column":29},"end":{"line":232,"column":48},"skip":true},{"start":{"line":232,"column":52},"end":{"line":232,"column":74},"skip":true}]},"14":{"line":235,"type":"if","locations":[{"start":{"line":235,"column":16},"end":{"line":235,"column":16},"skip":true},{"start":{"line":235,"column":16},"end":{"line":235,"column":16},"skip":true}]},"15":{"line":251,"type":"if","locations":[{"start":{"line":251,"column":12},"end":{"line":251,"column":12},"skip":true},{"start":{"line":251,"column":12},"end":{"line":251,"column":12},"skip":true}]},"16":{"line":251,"type":"binary-expr","locations":[{"start":{"line":251,"column":16},"end":{"line":251,"column":61},"skip":true},{"start":{"line":251,"column":66},"end":{"line":251,"column":72},"skip":true},{"start":{"line":251,"column":77},"end":{"line":251,"column":82},"skip":true},{"start":{"line":252,"column":20},"end":{"line":252,"column":39},"skip":true},{"start":{"line":253,"column":20},"end":{"line":253,"column":49},"skip":true},{"start":{"line":254,"column":20},"end":{"line":254,"column":58},"skip":true},{"start":{"line":255,"column":20},"end":{"line":255,"column":68},"skip":true}]},"17":{"line":272,"type":"if","locations":[{"start":{"line":272,"column":16},"end":{"line":272,"column":16},"skip":true},{"start":{"line":272,"column":16},"end":{"line":272,"column":16},"skip":true}]},"18":{"line":277,"type":"cond-expr","locations":[{"start":{"line":278,"column":26},"end":{"line":278,"column":29},"skip":true},{"start":{"line":279,"column":26},"end":{"line":279,"column":54},"skip":true}]},"19":{"line":307,"type":"binary-expr","locations":[{"start":{"line":307,"column":27},"end":{"line":307,"column":43},"skip":true},{"start":{"line":307,"column":47},"end":{"line":307,"column":49},"skip":true}]},"20":{"line":315,"type":"binary-expr","locations":[{"start":{"line":315,"column":37},"end":{"line":315,"column":59},"skip":true},{"start":{"line":315,"column":63},"end":{"line":315,"column":65},"skip":true}]},"21":{"line":316,"type":"if","locations":[{"start":{"line":316,"column":12},"end":{"line":316,"column":12},"skip":true},{"start":{"line":316,"column":12},"end":{"line":316,"column":12},"skip":true}]},"22":{"line":329,"type":"switch","locations":[{"start":{"line":330,"column":16},"end":{"line":331,"column":60},"skip":true},{"start":{"line":332,"column":16},"end":{"line":333,"column":48},"skip":true},{"start":{"line":334,"column":16},"end":{"line":335,"column":43},"skip":true},{"start":{"line":336,"column":16},"end":{"line":337,"column":35},"skip":true},{"start":{"line":338,"column":16},"end":{"line":339,"column":34},"skip":true}]},"23":{"line":343,"type":"if","locations":[{"start":{"line":343,"column":8},"end":{"line":343,"column":8},"skip":true},{"start":{"line":343,"column":8},"end":{"line":343,"column":8},"skip":true}]},"24":{"line":343,"type":"binary-expr","locations":[{"start":{"line":343,"column":12},"end":{"line":343,"column":40},"skip":true},{"start":{"line":343,"column":44},"end":{"line":343,"column":67},"skip":true}]},"25":{"line":347,"type":"binary-expr","locations":[{"start":{"line":347,"column":12},"end":{"line":347,"column":50},"skip":true},{"start":{"line":348,"column":12},"end":{"line":348,"column":53},"skip":true}]},"26":{"line":352,"type":"binary-expr","locations":[{"start":{"line":352,"column":12},"end":{"line":352,"column":56},"skip":true},{"start":{"line":353,"column":12},"end":{"line":356,"column":36},"skip":true}]},"27":{"line":358,"type":"binary-expr","locations":[{"start":{"line":358,"column":43},"end":{"line":358,"column":75},"skip":true},{"start":{"line":358,"column":79},"end":{"line":358,"column":81},"skip":true}]},"28":{"line":361,"type":"if","locations":[{"start":{"line":361,"column":8},"end":{"line":361,"column":8},"skip":true},{"start":{"line":361,"column":8},"end":{"line":361,"column":8},"skip":true}]},"29":{"line":365,"type":"if","locations":[{"start":{"line":365,"column":8},"end":{"line":365,"column":8},"skip":true},{"start":{"line":365,"column":8},"end":{"line":365,"column":8},"skip":true}]},"30":{"line":368,"type":"binary-expr","locations":[{"start":{"line":368,"column":27},"end":{"line":368,"column":43},"skip":true},{"start":{"line":368,"column":47},"end":{"line":368,"column":53},"skip":true}]},"31":{"line":372,"type":"if","locations":[{"start":{"line":372,"column":12},"end":{"line":372,"column":12},"skip":true},{"start":{"line":372,"column":12},"end":{"line":372,"column":12},"skip":true}]}},"code":["","","","","","","","","","","","","","","","","","","","","","","","","","","","","","","","","","","","","","","","","","","","","","","","","","","","","","","","","","","","","","","","","","","","","","","","","","","","","","","","","","","","","","","","","","","","","","","","","","","","","","","","","","","","","/*","example.js","","this script will run a web demo of elasticsearch-lite","","instruction","    1. save this script as example.js","    2. run the shell command:","        $ npm install elasticsearch-lite && PORT=8081 node example.js","    3. open a browser to http://127.0.0.1:8081 and play with the web demo","    4. edit this script to suit your needs","*/","","","","/* istanbul instrument in package elasticsearch */","/*jslint","    bitwise: true,","    browser: true,","    maxerr: 8,","    maxlen: 96,","    node: true,","    nomen: true,","    regexp: true,","    stupid: true","*/","(function () {","    'use strict';","    var local;","","","","    // run shared js-env code - init-before","    (function () {","        // init local","        local = {};","        // init modeJs","        local.modeJs = (function () {","            try {","                return typeof navigator.userAgent === 'string' &&","                    typeof document.querySelector('body') === 'object' &&","                    typeof XMLHttpRequest.prototype.open === 'function' &&","                    'browser';","            } catch (errorCaughtBrowser) {","                return module.exports &&","                    typeof process.versions.node === 'string' &&","                    typeof require('http').createServer === 'function' &&","                    'node';","            }","        }());","        // init global","        local.global = local.modeJs === 'browser'","            ? window","            : global;","        // init utility2_rollup","        local = local.global.utility2_rollup || (local.modeJs === 'browser'","            ? local.global.utility2_elasticsearch","            : global.utility2_moduleExports);","        // init exports","        local.global.local = local;","    }());","    switch (local.modeJs) {","","","","    // run node js-env code - function","    case 'node':","        local.serverStart({ port: Number(process.env.PORT) });","        // push serverLog to elasticsearch","        local.utility2.serverLog = function (options) {","            console.error('serverLog - ' + JSON.stringify(options));","            if (!local.onResetAfterElasticsearch) {","                return;","            }","            options = local.jsonCopy(options);","            options['@timestamp'] = options.time;","            local.middlewareBulkPut({","                data: JSON.stringify({ index: {","                    _index: 'server_log',","                    _type: options.type","                } }) + '\\n' + JSON.stringify(options) + '\\n',","                url: '/server_log/server_response/_bulk'","            });","        };","        // test serverLog","        local.ajax({ url: local.serverLocalHost }, local.onErrorDefault);","        local.onReadyBefore.counter += 1;","        local.onResetAfter(function () {","            local.ajax({ url: local.serverLocalHost }, function (error) {","                local.onErrorDefault(error);","                local.onReadyBefore();","            });","        });","        break;","    }","    switch (local.modeJs) {","","","","    // init-after","    // run browser js-env code - init-after","    /* istanbul ignore next */","    case 'browser':","        local.testRunBrowser = function (event) {","            if (!event || (event &&","                    event.currentTarget &&","                    event.currentTarget.className &&","                    event.currentTarget.className.includes &&","                    event.currentTarget.className.includes('onreset'))) {","                // reset output","                Array.from(","                    document.querySelectorAll('body > .resettable')","                ).forEach(function (element) {","                    switch (element.tagName) {","                    case 'INPUT':","                    case 'TEXTAREA':","                        element.value = '';","                        break;","                    default:","                        element.textContent = '';","                    }","                });","            }","            switch (event && event.currentTarget && event.currentTarget.id) {","            case 'testRunButton1':","                // show tests","                if (document.querySelector('#testReportDiv1').style.maxHeight === '0px') {","                    local.uiAnimateSlideDown(document.querySelector('#testReportDiv1'));","                    document.querySelector('#testRunButton1').textContent =","                        'hide internal test';","                    local.modeTest = true;","                    local.testRunDefault(local);","                // hide tests","                } else {","                    local.uiAnimateSlideUp(document.querySelector('#testReportDiv1'));","                    document.querySelector('#testRunButton1').textContent = 'run internal test';","                }","                break;","            // custom-case","            default:","                break;","            }","            if (document.querySelector('#inputTextareaEval1') && (!event || (event &&","                    event.currentTarget &&","                    event.currentTarget.className &&","                    event.currentTarget.className.includes &&","                    event.currentTarget.className.includes('oneval')))) {","                // try to eval input-code","                try {","                    /*jslint evil: true*/","                    eval(document.querySelector('#inputTextareaEval1').value);","                } catch (errorCaught) {","                    console.error(errorCaught);","                }","            }","        };","        // log stderr and stdout to #outputTextareaStdout1","        ['error', 'log'].forEach(function (key) {","            console[key + '_original'] = console[key];","            console[key] = function () {","                var element;","                console[key + '_original'].apply(console, arguments);","                element = document.querySelector('#outputTextareaStdout1');","                if (!element) {","                    return;","                }","                // append text to #outputTextareaStdout1","                element.value += Array.from(arguments).map(function (arg) {","                    return typeof arg === 'string'","                        ? arg","                        : JSON.stringify(arg, null, 4);","                }).join(' ') + '\\n';","                // scroll textarea to bottom","                element.scrollTop = element.scrollHeight;","            };","        });","        // init event-handling","        ['change', 'click', 'keyup'].forEach(function (event) {","            Array.from(document.querySelectorAll('.on' + event)).forEach(function (element) {","                element.addEventListener(event, local.testRunBrowser);","            });","        });","        // run tests","        local.testRunBrowser();","        break;","","","","    // run node js-env code - init-after","    /* istanbul ignore next */","    case 'node':","        // init exports","        module.exports = local;","        // require modules","        local.fs = require('fs');","        local.http = require('http');","        local.url = require('url');","        // init assets","        local.assetsDict = local.assetsDict || {};","        [","            'assets.index.css',","            'assets.index.template.html',","            'assets.swgg.swagger.json',","            'assets.swgg.swagger.server.json'","        ].forEach(function (file) {","            file = '/' + file;","            local.assetsDict[file] = local.assetsDict[file] || '';","            if (local.fs.existsSync(local.__dirname + file)) {","                local.assetsDict[file] = local.fs.readFileSync(","                    local.__dirname + file,","                    'utf8'","                );","            }","        });","        local.assetsDict['/'] =","            local.assetsDict['/assets.example.html'] =","            local.assetsDict['/assets.index.template.html']","            .replace((/\\{\\{env\\.(\\w+?)\\}\\}/g), function (match0, match1) {","                // jslint-hack","                String(match0);","                switch (match1) {","                case 'npm_package_description':","                    return 'the greatest app in the world!';","                case 'npm_package_name':","                    return 'elasticsearch-lite';","                case 'npm_package_nameAlias':","                    return 'elasticsearch';","                case 'npm_package_version':","                    return '0.0.1';","                default:","                    return match0;","                }","            });","        // run the cli","        if (local.global.utility2_rollup || module !== require.main) {","            break;","        }","        local.assetsDict['/assets.example.js'] =","            local.assetsDict['/assets.example.js'] ||","            local.fs.readFileSync(__filename, 'utf8');","        // bug-workaround - long $npm_package_buildCustomOrg","        /* jslint-ignore-begin */","        local.assetsDict['/assets.elasticsearch.js'] =","            local.assetsDict['/assets.elasticsearch.js'] ||","            local.fs.readFileSync(","                local.elasticsearch.__dirname + '/lib.elasticsearch.js',","                'utf8'","            ).replace((/^#!/), '//');","        /* jslint-ignore-end */","        local.assetsDict['/favicon.ico'] = local.assetsDict['/favicon.ico'] || '';","        // if $npm_config_timeout_exit exists,","        // then exit this process after $npm_config_timeout_exit ms","        if (Number(process.env.npm_config_timeout_exit)) {","            setTimeout(process.exit, Number(process.env.npm_config_timeout_exit));","        }","        // start server","        if (local.global.utility2_serverHttp1) {","            break;","        }","        process.env.PORT = process.env.PORT || '8081';","        console.error('server starting on port ' + process.env.PORT);","        local.http.createServer(function (request, response) {","            request.urlParsed = local.url.parse(request.url);","            if (local.assetsDict[request.urlParsed.pathname] !== undefined) {","                response.end(local.assetsDict[request.urlParsed.pathname]);","                return;","            }","            response.statusCode = 404;","            response.end();","        }).listen(process.env.PORT);","        break;","    }","}());"],"l":{"135":2,"137":2,"142":2,"144":2,"146":2,"147":2,"148":2,"153":1,"160":2,"164":2,"168":2,"170":2,"176":1,"178":1,"179":2,"180":2,"181":1,"183":1,"184":1,"185":1,"194":1,"195":1,"196":1,"197":1,"198":1,"199":1,"202":1,"204":2,"212":1,"213":2,"219":2,"222":2,"225":2,"226":2,"228":1,"232":2,"235":1,"236":1,"237":1,"239":1,"240":1,"243":1,"244":1,"246":1,"249":1,"251":2,"257":1,"259":1,"261":1,"266":1,"267":2,"268":2,"269":4,"270":4,"271":4,"272":4,"273":1,"276":4,"277":4,"282":4,"286":1,"287":3,"288":1,"292":1,"293":1,"301":1,"303":1,"304":1,"305":1,"307":1,"308":1,"314":4,"315":4,"316":4,"317":1,"323":1,"328":1,"329":1,"331":1,"333":1,"335":1,"337":1,"339":1,"343":1,"344":1,"346":1,"351":1,"358":1,"361":1,"362":1,"365":1,"366":1,"368":1,"369":1,"370":1,"371":1,"372":1,"373":1,"374":1,"376":1,"377":1,"379":1}}}